#
# There is insufficient memory for the Java Runtime Environment to continue.
# Native memory allocation (malloc) failed to allocate 1074656 bytes for Chunk::new
# Possible reasons:
#   The system is out of physical RAM or swap space
#   The process is running with CompressedOops enabled, and the Java Heap may be blocking the growth of the native heap
# Possible solutions:
#   Reduce memory load on the system
#   Increase physical memory or swap space
#   Check if swap backing store is full
#   Decrease Java heap size (-Xmx/-Xms)
#   Decrease number of Java threads
#   Decrease Java thread stack sizes (-Xss)
#   Set larger code cache with -XX:ReservedCodeCacheSize=
#   JVM is running with Unscaled Compressed Oops mode in which the Java heap is
#     placed in the first 4GB address space. The Java Heap base address is the
#     maximum limit for the native heap growth. Please use -XX:HeapBaseMinAddress
#     to set the Java Heap base and to place the Java Heap above 4GB virtual address.
# This output file may be truncated or incomplete.
#
#  Out of Memory Error (src/hotspot/share/memory/arena.cpp:197), pid=8124, tid=8112
#
# JRE version: OpenJDK Runtime Environment (11.0.15) (build 11.0.15+0-b2043.56-9505619)
# Java VM: OpenJDK 64-Bit Server VM (11.0.15+0-b2043.56-9505619, mixed mode, tiered, compressed oops, g1 gc, windows-amd64)
# No core dump will be written. Minidumps are not enabled by default on client versions of Windows
#

---------------  S U M M A R Y ------------

Command Line: --add-opens=java.base/java.util=ALL-UNNAMED --add-opens=java.base/java.lang=ALL-UNNAMED --add-opens=java.base/java.lang.invoke=ALL-UNNAMED --add-opens=java.base/java.util=ALL-UNNAMED --add-opens=java.prefs/java.util.prefs=ALL-UNNAMED --add-opens=java.prefs/java.util.prefs=ALL-UNNAMED --add-opens=java.base/java.nio.charset=ALL-UNNAMED --add-opens=java.base/java.net=ALL-UNNAMED --add-opens=java.base/java.util.concurrent.atomic=ALL-UNNAMED -Xmx2048m -Dfile.encoding=UTF-8 -Duser.country=US -Duser.language=en -Duser.variant org.gradle.launcher.daemon.bootstrap.GradleDaemon 7.5

Host: Intel(R) Core(TM) i5-1035G1 CPU @ 1.00GHz, 8 cores, 7G,  Windows 10 , 64 bit Build 19041 (10.0.19041.2546)
Time: Sat Jun  3 00:48:18 2023 Sri Lanka Standard Time elapsed time: 297.586032 seconds (0d 0h 4m 57s)

---------------  T H R E A D  ---------------

Current thread (0x00000254a6667800):  JavaThread "C2 CompilerThread1" daemon [_thread_in_native, id=8112, stack(0x0000009cf4200000,0x0000009cf4300000)]


Current CompileTask:
C2: 297586 17960       4       org.gradle.internal.graph.CachingDirectedGraphWalker::doSearch (659 bytes)

Stack: [0x0000009cf4200000,0x0000009cf4300000]
Native frames: (J=compiled Java code, j=interpreted, Vv=VM code, C=native code)
V  [jvm.dll+0x64135a]
V  [jvm.dll+0x7d39f9]
V  [jvm.dll+0x7d51b9]
V  [jvm.dll+0x7d58a3]
V  [jvm.dll+0x2691c5]
V  [jvm.dll+0xc1a5c]
V  [jvm.dll+0xc200c]
V  [jvm.dll+0x2da2c2]
V  [jvm.dll+0x54cad9]
V  [jvm.dll+0x220c9d]
V  [jvm.dll+0x223152]
V  [jvm.dll+0x220384]
V  [jvm.dll+0x19e851]
V  [jvm.dll+0x230479]
V  [jvm.dll+0x22e5ef]
V  [jvm.dll+0x794de1]
V  [jvm.dll+0x78dc24]
V  [jvm.dll+0x6400f6]
C  [ucrtbase.dll+0x21bb2]
C  [KERNEL32.DLL+0x17614]
C  [ntdll.dll+0x526a1]


---------------  P R O C E S S  ---------------

Threads class SMR info:
_java_thread_list=0x00000254aab66660, length=141, elements={
0x0000025484274000, 0x00000254a06fb000, 0x00000254a0704800, 0x00000254a1075800,
0x00000254a1079000, 0x00000254a107a000, 0x00000254a107f000, 0x00000254a1080000,
0x00000254a070e000, 0x00000254a11d8800, 0x00000254a30b8000, 0x00000254a1658800,
0x00000254a128f800, 0x00000254a3be2800, 0x00000254a3be0800, 0x00000254a3be2000,
0x00000254a3bde000, 0x00000254a3be1000, 0x00000254a3bde800, 0x00000254a42ba000,
0x00000254a42c0800, 0x00000254a42bc000, 0x00000254a42c4000, 0x00000254a42c5000,
0x00000254a42c5800, 0x00000254a44ce000, 0x00000254a44ce800, 0x00000254a2499000,
0x00000254a249e800, 0x00000254a8a83800, 0x00000254a8a86800, 0x00000254adff2800,
0x00000254adff3000, 0x00000254a8a5c800, 0x00000254a8a5d800, 0x00000254a8a5e800,
0x00000254aded6000, 0x00000254aa4a4800, 0x00000254aa4a3800, 0x00000254a44c4000,
0x00000254a44c0000, 0x00000254a44c5800, 0x00000254a44c2800, 0x00000254a44c6800,
0x00000254a44c3000, 0x00000254a44c5000, 0x00000254a44c1000, 0x00000254a44c7800,
0x00000254a44c1800, 0x00000254a44cc000, 0x00000254a44ca000, 0x00000254a44cd000,
0x00000254a44ca800, 0x00000254a44cb800, 0x00000254a44c8000, 0x00000254a44c9000,
0x00000254adff0000, 0x00000254adfef000, 0x00000254adff4000, 0x00000254adfee800,
0x00000254adff6800, 0x00000254adff5000, 0x00000254adff5800, 0x00000254adff1000,
0x00000254adff1800, 0x00000254adff8000, 0x00000254adffc000, 0x00000254adffa800,
0x00000254adffa000, 0x00000254adff7800, 0x00000254adff9000, 0x00000254adffb800,
0x00000254adffd000, 0x00000254a8a5c000, 0x00000254a8a5f000, 0x00000254a8a60000,
0x00000254a8a5a800, 0x00000254a8a5b000, 0x00000254a8a61000, 0x00000254a8a65800,
0x00000254a8a66800, 0x00000254a8a64000, 0x00000254a8a67800, 0x00000254a8a63800,
0x00000254a8a61800, 0x00000254a8a65000, 0x00000254a8a68000, 0x00000254a8a62800,
0x00000254a8a69000, 0x00000254aa499000, 0x00000254aa49b800, 0x00000254aa49f800,
0x00000254aa49c800, 0x00000254aa49a000, 0x00000254aa49e000, 0x00000254aa4a0800,
0x00000254aa49a800, 0x00000254aa4a2000, 0x00000254aa4a1000, 0x00000254aa4a3000,
0x00000254aa49d000, 0x00000254aa4a5800, 0x00000254aa4a6000, 0x00000254aa4a7000,
0x00000254aa4a7800, 0x00000254a8a7a800, 0x00000254a8a79800, 0x00000254a8a78000,
0x00000254a8a7b000, 0x00000254a8a7c000, 0x00000254a8a7c800, 0x00000254a8a7d800,
0x00000254a8a7e800, 0x00000254a8a78800, 0x00000254a8a82800, 0x00000254a8a81800,
0x00000254a8a7f000, 0x00000254a8a85000, 0x00000254a8a85800, 0x00000254a42c1800,
0x00000254a42bf000, 0x00000254a42c2800, 0x00000254a42c0000, 0x00000254a42bc800,
0x00000254a42c6800, 0x00000254a42c7800, 0x00000254a42c9000, 0x00000254a42c8000,
0x00000254a42c3000, 0x00000254aded8800, 0x00000254aded9000, 0x00000254a6667800,
0x00000254aded4800, 0x00000254aded6800, 0x00000254aded7800, 0x00000254aded3800,
0x00000254adeda000, 0x00000254aded5000, 0x00000254a249a000, 0x00000254a249f800,
0x00000254a249d000
}

Java Threads: ( => current thread )
  0x0000025484274000 JavaThread "main" [_thread_blocked, id=15284, stack(0x0000009cebc00000,0x0000009cebd00000)]
  0x00000254a06fb000 JavaThread "Reference Handler" daemon [_thread_blocked, id=12528, stack(0x0000009cec300000,0x0000009cec400000)]
  0x00000254a0704800 JavaThread "Finalizer" daemon [_thread_blocked, id=10716, stack(0x0000009cec400000,0x0000009cec500000)]
  0x00000254a1075800 JavaThread "Signal Dispatcher" daemon [_thread_blocked, id=8488, stack(0x0000009cec500000,0x0000009cec600000)]
  0x00000254a1079000 JavaThread "Attach Listener" daemon [_thread_blocked, id=5220, stack(0x0000009cec600000,0x0000009cec700000)]
  0x00000254a107a000 JavaThread "Service Thread" daemon [_thread_blocked, id=12168, stack(0x0000009cec700000,0x0000009cec800000)]
  0x00000254a107f000 JavaThread "C2 CompilerThread0" daemon [_thread_blocked, id=13276, stack(0x0000009cec800000,0x0000009cec900000)]
  0x00000254a1080000 JavaThread "C1 CompilerThread0" daemon [_thread_blocked, id=11728, stack(0x0000009cec900000,0x0000009ceca00000)]
  0x00000254a070e000 JavaThread "Sweeper thread" daemon [_thread_blocked, id=8976, stack(0x0000009ceca00000,0x0000009cecb00000)]
  0x00000254a11d8800 JavaThread "Common-Cleaner" daemon [_thread_blocked, id=13852, stack(0x0000009cecb00000,0x0000009cecc00000)]
  0x00000254a30b8000 JavaThread "Daemon health stats" [_thread_blocked, id=11924, stack(0x0000009ced100000,0x0000009ced200000)]
  0x00000254a1658800 JavaThread "Incoming local TCP Connector on port 4318" [_thread_in_native, id=10720, stack(0x0000009cecd00000,0x0000009cece00000)]
  0x00000254a128f800 JavaThread "Daemon periodic checks" [_thread_blocked, id=7160, stack(0x0000009cece00000,0x0000009cecf00000)]
  0x00000254a3be2800 JavaThread "Cache worker for journal cache (C:\Users\Shen S\.gradle\caches\journal-1)" [_thread_blocked, id=14108, stack(0x0000009cede00000,0x0000009cedf00000)]
  0x00000254a3be0800 JavaThread "File lock request listener" [_thread_in_native, id=2140, stack(0x0000009cedf00000,0x0000009cee000000)]
  0x00000254a3be2000 JavaThread "Cache worker for file hash cache (C:\Users\Shen S\.gradle\caches\7.5\fileHashes)" [_thread_blocked, id=14436, stack(0x0000009cee000000,0x0000009cee100000)]
  0x00000254a3bde000 JavaThread "File watcher server" daemon [_thread_in_native, id=12232, stack(0x0000009cee300000,0x0000009cee400000)]
  0x00000254a3be1000 JavaThread "File watcher consumer" daemon [_thread_blocked, id=7728, stack(0x0000009cee400000,0x0000009cee500000)]
  0x00000254a3bde800 JavaThread "Cache worker for file content cache (C:\Users\Shen S\.gradle\caches\7.5\fileContent)" [_thread_blocked, id=7444, stack(0x0000009cee700000,0x0000009cee800000)]
  0x00000254a42ba000 JavaThread "Cache worker for execution history cache (C:\Users\Shen S\.gradle\caches\7.5\executionHistory)" [_thread_blocked, id=456, stack(0x0000009ceea00000,0x0000009ceeb00000)]
  0x00000254a42c0800 JavaThread "jar transforms" [_thread_blocked, id=12200, stack(0x0000009cee200000,0x0000009cee300000)]
  0x00000254a42bc000 JavaThread "jar transforms Thread 2" [_thread_blocked, id=11072, stack(0x0000009ceeb00000,0x0000009ceec00000)]
  0x00000254a42c4000 JavaThread "jar transforms Thread 3" [_thread_blocked, id=7620, stack(0x0000009ceee00000,0x0000009ceef00000)]
  0x00000254a42c5000 JavaThread "jar transforms Thread 4" [_thread_blocked, id=2744, stack(0x0000009ceef00000,0x0000009cef000000)]
  0x00000254a42c5800 JavaThread "jar transforms Thread 5" [_thread_blocked, id=7328, stack(0x0000009cef100000,0x0000009cef200000)]
  0x00000254a44ce000 JavaThread "jar transforms Thread 6" [_thread_blocked, id=9152, stack(0x0000009ceec00000,0x0000009ceed00000)]
  0x00000254a44ce800 JavaThread "jar transforms Thread 7" [_thread_blocked, id=14732, stack(0x0000009cef200000,0x0000009cef300000)]
  0x00000254a2499000 JavaThread "jar transforms Thread 8" [_thread_blocked, id=11380, stack(0x0000009cf4300000,0x0000009cf4400000)]
  0x00000254a249e800 JavaThread "Memory manager" [_thread_blocked, id=7120, stack(0x0000009cf4700000,0x0000009cf4800000)]
  0x00000254a8a83800 JavaThread "ForkJoinPool.commonPool-worker-3" daemon [_thread_blocked, id=15076, stack(0x0000009cf5900000,0x0000009cf5a00000)]
  0x00000254a8a86800 JavaThread "ForkJoinPool.commonPool-worker-7" daemon [_thread_blocked, id=76, stack(0x0000009cf5b00000,0x0000009cf5c00000)]
  0x00000254adff2800 JavaThread "ForkJoinPool.commonPool-worker-13" daemon [_thread_blocked, id=9600, stack(0x0000009cf5e00000,0x0000009cf5f00000)]
  0x00000254adff3000 JavaThread "ForkJoinPool.commonPool-worker-15" daemon [_thread_blocked, id=6792, stack(0x0000009cf5f00000,0x0000009cf6000000)]
  0x00000254a8a5c800 JavaThread "ForkJoinPool.commonPool-worker-1" daemon [_thread_blocked, id=3804, stack(0x0000009cf4100000,0x0000009cf4200000)]
  0x00000254a8a5d800 JavaThread "Daemon Thread 2" [_thread_blocked, id=4284, stack(0x0000009ceb900000,0x0000009ceba00000)]
  0x00000254a8a5e800 JavaThread "Daemon worker Thread 2" [_thread_blocked, id=7564, stack(0x0000009ced200000,0x0000009ced300000)]
  0x00000254aded6000 JavaThread "included builds" [_thread_blocked, id=13424, stack(0x0000009cf4400000,0x0000009cf4500000)]
  0x00000254aa4a4800 JavaThread "ForkJoinPool.commonPool-worker-5" daemon [_thread_blocked, id=1464, stack(0x0000009cf5400000,0x0000009cf5500000)]
  0x00000254aa4a3800 JavaThread "ForkJoinPool.commonPool-worker-9" daemon [_thread_blocked, id=12864, stack(0x0000009cf5600000,0x0000009cf5700000)]
  0x00000254a44c4000 JavaThread "Handler for socket connection from /127.0.0.1:4318 to /127.0.0.1:4646" [_thread_in_native, id=8064, stack(0x0000009ceba00000,0x0000009cebb00000)]
  0x00000254a44c0000 JavaThread "Cancel handler" [_thread_blocked, id=2476, stack(0x0000009cebb00000,0x0000009cebc00000)]
  0x00000254a44c5800 JavaThread "Asynchronous log dispatcher for DefaultDaemonConnection: socket connection from /127.0.0.1:4318 to /127.0.0.1:4646" [_thread_blocked, id=4508, stack(0x0000009ced300000,0x0000009ced400000)]
  0x00000254a44c2800 JavaThread "Stdin handler" [_thread_blocked, id=9552, stack(0x0000009ced400000,0x0000009ced500000)]
  0x00000254a44c6800 JavaThread "Daemon client event forwarder" [_thread_blocked, id=11936, stack(0x0000009ced500000,0x0000009ced600000)]
  0x00000254a44c3000 JavaThread "Cache worker for checksums cache (E:\NIBM\HND\lectures\IOT - 2\Final\Android App\LpgGasLeakageDetector\.gradle\7.5\checksums)" [_thread_blocked, id=7488, stack(0x0000009ced600000,0x0000009ced700000)]
  0x00000254a44c5000 JavaThread "Cache worker for cache directory md-rule (C:\Users\Shen S\.gradle\caches\7.5\md-rule)" [_thread_blocked, id=1200, stack(0x0000009ced700000,0x0000009ced800000)]
  0x00000254a44c1000 JavaThread "Cache worker for file hash cache (E:\NIBM\HND\lectures\IOT - 2\Final\Android App\LpgGasLeakageDetector\.gradle\7.5\fileHashes)" [_thread_blocked, id=12360, stack(0x0000009ced800000,0x0000009ced900000)]
  0x00000254a44c7800 JavaThread "Cache worker for cache directory md-supplier (C:\Users\Shen S\.gradle\caches\7.5\md-supplier)" [_thread_blocked, id=2408, stack(0x0000009cee500000,0x0000009cee600000)]
  0x00000254a44c1800 JavaThread "Cache worker for dependencies-accessors (E:\NIBM\HND\lectures\IOT - 2\Final\Android App\LpgGasLeakageDetector\.gradle\7.5\dependencies-accessors)" [_thread_blocked, id=6612, stack(0x0000009cee600000,0x0000009cee700000)]
  0x00000254a44cc000 JavaThread "Cache worker for Build Output Cleanup Cache (E:\NIBM\HND\lectures\IOT - 2\Final\Android App\LpgGasLeakageDetector\.gradle\buildOutputCleanup)" [_thread_blocked, id=8160, stack(0x0000009cee800000,0x0000009cee900000)]
  0x00000254a44ca000 JavaThread "Unconstrained build operations" [_thread_blocked, id=9428, stack(0x0000009cee900000,0x0000009ceea00000)]
  0x00000254a44cd000 JavaThread "Unconstrained build operations Thread 2" [_thread_blocked, id=7360, stack(0x0000009ceed00000,0x0000009ceee00000)]
  0x00000254a44ca800 JavaThread "Unconstrained build operations Thread 3" [_thread_blocked, id=8376, stack(0x0000009cef000000,0x0000009cef100000)]
  0x00000254a44cb800 JavaThread "Unconstrained build operations Thread 4" [_thread_blocked, id=14568, stack(0x0000009cef300000,0x0000009cef400000)]
  0x00000254a44c8000 JavaThread "Unconstrained build operations Thread 5" [_thread_blocked, id=6548, stack(0x0000009cef400000,0x0000009cef500000)]
  0x00000254a44c9000 JavaThread "Unconstrained build operations Thread 6" [_thread_blocked, id=7860, stack(0x0000009cef500000,0x0000009cef600000)]
  0x00000254adff0000 JavaThread "Unconstrained build operations Thread 7" [_thread_blocked, id=5672, stack(0x0000009cef600000,0x0000009cef700000)]
  0x00000254adfef000 JavaThread "Unconstrained build operations Thread 8" [_thread_blocked, id=7364, stack(0x0000009cef700000,0x0000009cef800000)]
  0x00000254adff4000 JavaThread "Unconstrained build operations Thread 9" [_thread_blocked, id=9956, stack(0x0000009cef800000,0x0000009cef900000)]
  0x00000254adfee800 JavaThread "Unconstrained build operations Thread 10" [_thread_blocked, id=13256, stack(0x0000009cef900000,0x0000009cefa00000)]
  0x00000254adff6800 JavaThread "Unconstrained build operations Thread 11" [_thread_blocked, id=11572, stack(0x0000009cefa00000,0x0000009cefb00000)]
  0x00000254adff5000 JavaThread "Unconstrained build operations Thread 12" [_thread_blocked, id=3180, stack(0x0000009cefb00000,0x0000009cefc00000)]
  0x00000254adff5800 JavaThread "Unconstrained build operations Thread 13" [_thread_blocked, id=10408, stack(0x0000009cefc00000,0x0000009cefd00000)]
  0x00000254adff1000 JavaThread "Unconstrained build operations Thread 14" [_thread_blocked, id=13844, stack(0x0000009cefd00000,0x0000009cefe00000)]
  0x00000254adff1800 JavaThread "Unconstrained build operations Thread 15" [_thread_blocked, id=15000, stack(0x0000009cefe00000,0x0000009ceff00000)]
  0x00000254adff8000 JavaThread "Unconstrained build operations Thread 16" [_thread_blocked, id=12116, stack(0x0000009ceff00000,0x0000009cf0000000)]
  0x00000254adffc000 JavaThread "Unconstrained build operations Thread 17" [_thread_blocked, id=5428, stack(0x0000009cf0000000,0x0000009cf0100000)]
  0x00000254adffa800 JavaThread "Unconstrained build operations Thread 18" [_thread_blocked, id=10980, stack(0x0000009cf0100000,0x0000009cf0200000)]
  0x00000254adffa000 JavaThread "Unconstrained build operations Thread 19" [_thread_blocked, id=4248, stack(0x0000009cf0200000,0x0000009cf0300000)]
  0x00000254adff7800 JavaThread "Unconstrained build operations Thread 20" [_thread_blocked, id=11680, stack(0x0000009cf0300000,0x0000009cf0400000)]
  0x00000254adff9000 JavaThread "Unconstrained build operations Thread 21" [_thread_blocked, id=12596, stack(0x0000009cf0400000,0x0000009cf0500000)]
  0x00000254adffb800 JavaThread "Unconstrained build operations Thread 22" [_thread_blocked, id=15248, stack(0x0000009cf0500000,0x0000009cf0600000)]
  0x00000254adffd000 JavaThread "Unconstrained build operations Thread 23" [_thread_blocked, id=3860, stack(0x0000009cf0600000,0x0000009cf0700000)]
  0x00000254a8a5c000 JavaThread "Unconstrained build operations Thread 24" [_thread_blocked, id=11508, stack(0x0000009cf0700000,0x0000009cf0800000)]
  0x00000254a8a5f000 JavaThread "Unconstrained build operations Thread 25" [_thread_blocked, id=12680, stack(0x0000009cf0800000,0x0000009cf0900000)]
  0x00000254a8a60000 JavaThread "Unconstrained build operations Thread 26" [_thread_blocked, id=1224, stack(0x0000009cf0900000,0x0000009cf0a00000)]
  0x00000254a8a5a800 JavaThread "Unconstrained build operations Thread 27" [_thread_blocked, id=6536, stack(0x0000009cf0a00000,0x0000009cf0b00000)]
  0x00000254a8a5b000 JavaThread "Unconstrained build operations Thread 28" [_thread_blocked, id=11392, stack(0x0000009cf0b00000,0x0000009cf0c00000)]
  0x00000254a8a61000 JavaThread "Unconstrained build operations Thread 29" [_thread_blocked, id=8392, stack(0x0000009cf0c00000,0x0000009cf0d00000)]
  0x00000254a8a65800 JavaThread "Unconstrained build operations Thread 30" [_thread_blocked, id=15180, stack(0x0000009cf0d00000,0x0000009cf0e00000)]
  0x00000254a8a66800 JavaThread "Unconstrained build operations Thread 31" [_thread_blocked, id=3016, stack(0x0000009cf0e00000,0x0000009cf0f00000)]
  0x00000254a8a64000 JavaThread "Unconstrained build operations Thread 32" [_thread_blocked, id=14964, stack(0x0000009cf0f00000,0x0000009cf1000000)]
  0x00000254a8a67800 JavaThread "Unconstrained build operations Thread 33" [_thread_blocked, id=6980, stack(0x0000009cf1000000,0x0000009cf1100000)]
  0x00000254a8a63800 JavaThread "Unconstrained build operations Thread 34" [_thread_blocked, id=5284, stack(0x0000009cf1100000,0x0000009cf1200000)]
  0x00000254a8a61800 JavaThread "Unconstrained build operations Thread 35" [_thread_blocked, id=12800, stack(0x0000009cf1200000,0x0000009cf1300000)]
  0x00000254a8a65000 JavaThread "Unconstrained build operations Thread 36" [_thread_blocked, id=9752, stack(0x0000009cf1300000,0x0000009cf1400000)]
  0x00000254a8a68000 JavaThread "Unconstrained build operations Thread 37" [_thread_blocked, id=3164, stack(0x0000009cf1400000,0x0000009cf1500000)]
  0x00000254a8a62800 JavaThread "Unconstrained build operations Thread 38" [_thread_blocked, id=4584, stack(0x0000009cf1500000,0x0000009cf1600000)]
  0x00000254a8a69000 JavaThread "Unconstrained build operations Thread 39" [_thread_blocked, id=1596, stack(0x0000009cf1600000,0x0000009cf1700000)]
  0x00000254aa499000 JavaThread "Unconstrained build operations Thread 40" [_thread_blocked, id=13196, stack(0x0000009cf1700000,0x0000009cf1800000)]
  0x00000254aa49b800 JavaThread "Unconstrained build operations Thread 41" [_thread_blocked, id=10172, stack(0x0000009cf1800000,0x0000009cf1900000)]
  0x00000254aa49f800 JavaThread "Unconstrained build operations Thread 42" [_thread_blocked, id=7032, stack(0x0000009cf1900000,0x0000009cf1a00000)]
  0x00000254aa49c800 JavaThread "Unconstrained build operations Thread 43" [_thread_blocked, id=7400, stack(0x0000009cf1a00000,0x0000009cf1b00000)]
  0x00000254aa49a000 JavaThread "Unconstrained build operations Thread 44" [_thread_blocked, id=11420, stack(0x0000009cf1b00000,0x0000009cf1c00000)]
  0x00000254aa49e000 JavaThread "Unconstrained build operations Thread 45" [_thread_blocked, id=8544, stack(0x0000009cf1c00000,0x0000009cf1d00000)]
  0x00000254aa4a0800 JavaThread "Unconstrained build operations Thread 46" [_thread_blocked, id=8248, stack(0x0000009cf1d00000,0x0000009cf1e00000)]
  0x00000254aa49a800 JavaThread "Unconstrained build operations Thread 47" [_thread_blocked, id=10212, stack(0x0000009cf1e00000,0x0000009cf1f00000)]
  0x00000254aa4a2000 JavaThread "Unconstrained build operations Thread 48" [_thread_blocked, id=13776, stack(0x0000009cf1f00000,0x0000009cf2000000)]
  0x00000254aa4a1000 JavaThread "Unconstrained build operations Thread 49" [_thread_blocked, id=14068, stack(0x0000009cf2000000,0x0000009cf2100000)]
  0x00000254aa4a3000 JavaThread "Unconstrained build operations Thread 50" [_thread_blocked, id=7000, stack(0x0000009cf2100000,0x0000009cf2200000)]
  0x00000254aa49d000 JavaThread "Unconstrained build operations Thread 51" [_thread_blocked, id=252, stack(0x0000009cf2200000,0x0000009cf2300000)]
  0x00000254aa4a5800 JavaThread "Unconstrained build operations Thread 52" [_thread_blocked, id=9468, stack(0x0000009cf2300000,0x0000009cf2400000)]
  0x00000254aa4a6000 JavaThread "Unconstrained build operations Thread 53" [_thread_blocked, id=13068, stack(0x0000009cf2400000,0x0000009cf2500000)]
  0x00000254aa4a7000 JavaThread "Unconstrained build operations Thread 54" [_thread_blocked, id=5448, stack(0x0000009cf2500000,0x0000009cf2600000)]
  0x00000254aa4a7800 JavaThread "Unconstrained build operations Thread 55" [_thread_blocked, id=13536, stack(0x0000009cf2600000,0x0000009cf2700000)]
  0x00000254a8a7a800 JavaThread "Unconstrained build operations Thread 56" [_thread_blocked, id=14332, stack(0x0000009cf2700000,0x0000009cf2800000)]
  0x00000254a8a79800 JavaThread "Unconstrained build operations Thread 57" [_thread_blocked, id=148, stack(0x0000009cf2800000,0x0000009cf2900000)]
  0x00000254a8a78000 JavaThread "Unconstrained build operations Thread 58" [_thread_blocked, id=14112, stack(0x0000009cf2900000,0x0000009cf2a00000)]
  0x00000254a8a7b000 JavaThread "Unconstrained build operations Thread 59" [_thread_blocked, id=2856, stack(0x0000009cf2a00000,0x0000009cf2b00000)]
  0x00000254a8a7c000 JavaThread "Unconstrained build operations Thread 60" [_thread_blocked, id=13916, stack(0x0000009cf2b00000,0x0000009cf2c00000)]
  0x00000254a8a7c800 JavaThread "Unconstrained build operations Thread 61" [_thread_blocked, id=5952, stack(0x0000009cf2c00000,0x0000009cf2d00000)]
  0x00000254a8a7d800 JavaThread "Unconstrained build operations Thread 62" [_thread_blocked, id=2568, stack(0x0000009cf2d00000,0x0000009cf2e00000)]
  0x00000254a8a7e800 JavaThread "Unconstrained build operations Thread 63" [_thread_blocked, id=4580, stack(0x0000009cf2e00000,0x0000009cf2f00000)]
  0x00000254a8a78800 JavaThread "Unconstrained build operations Thread 64" [_thread_blocked, id=9240, stack(0x0000009cf2f00000,0x0000009cf3000000)]
  0x00000254a8a82800 JavaThread "Unconstrained build operations Thread 65" [_thread_blocked, id=11376, stack(0x0000009cf3000000,0x0000009cf3100000)]
  0x00000254a8a81800 JavaThread "Unconstrained build operations Thread 66" [_thread_blocked, id=6896, stack(0x0000009cf3100000,0x0000009cf3200000)]
  0x00000254a8a7f000 JavaThread "Unconstrained build operations Thread 67" [_thread_blocked, id=14212, stack(0x0000009cf3200000,0x0000009cf3300000)]
  0x00000254a8a85000 JavaThread "Unconstrained build operations Thread 68" [_thread_blocked, id=11952, stack(0x0000009cf3300000,0x0000009cf3400000)]
  0x00000254a8a85800 JavaThread "Unconstrained build operations Thread 69" [_thread_blocked, id=12568, stack(0x0000009cf3400000,0x0000009cf3500000)]
  0x00000254a42c1800 JavaThread "Unconstrained build operations Thread 70" [_thread_blocked, id=14764, stack(0x0000009cf3500000,0x0000009cf3600000)]
  0x00000254a42bf000 JavaThread "Unconstrained build operations Thread 71" [_thread_blocked, id=3552, stack(0x0000009cf3600000,0x0000009cf3700000)]
  0x00000254a42c2800 JavaThread "Unconstrained build operations Thread 72" [_thread_blocked, id=5520, stack(0x0000009cf3700000,0x0000009cf3800000)]
  0x00000254a42c0000 JavaThread "Unconstrained build operations Thread 73" [_thread_blocked, id=13948, stack(0x0000009cf3800000,0x0000009cf3900000)]
  0x00000254a42bc800 JavaThread "Unconstrained build operations Thread 74" [_thread_blocked, id=9320, stack(0x0000009cf3900000,0x0000009cf3a00000)]
  0x00000254a42c6800 JavaThread "Unconstrained build operations Thread 75" [_thread_blocked, id=13988, stack(0x0000009cf3a00000,0x0000009cf3b00000)]
  0x00000254a42c7800 JavaThread "Unconstrained build operations Thread 76" [_thread_blocked, id=14164, stack(0x0000009cf3b00000,0x0000009cf3c00000)]
  0x00000254a42c9000 JavaThread "Unconstrained build operations Thread 77" [_thread_blocked, id=8276, stack(0x0000009cf3c00000,0x0000009cf3d00000)]
  0x00000254a42c8000 JavaThread "Unconstrained build operations Thread 78" [_thread_blocked, id=7420, stack(0x0000009cf3d00000,0x0000009cf3e00000)]
  0x00000254a42c3000 JavaThread "Unconstrained build operations Thread 79" [_thread_blocked, id=11932, stack(0x0000009cf3e00000,0x0000009cf3f00000)]
  0x00000254aded8800 JavaThread "Unconstrained build operations Thread 80" [_thread_blocked, id=14064, stack(0x0000009cf3f00000,0x0000009cf4000000)]
  0x00000254aded9000 JavaThread "build event listener" [_thread_blocked, id=1152, stack(0x0000009cf4000000,0x0000009cf4100000)]
=>0x00000254a6667800 JavaThread "C2 CompilerThread1" daemon [_thread_in_native, id=8112, stack(0x0000009cf4200000,0x0000009cf4300000)]
  0x00000254aded4800 JavaThread "included builds" [_thread_blocked, id=1484, stack(0x0000009cf4500000,0x0000009cf4600000)]
  0x00000254aded6800 JavaThread "Execution worker" [_thread_in_native, id=11544, stack(0x0000009cf4600000,0x0000009cf4700000)]
  0x00000254aded7800 JavaThread "Execution worker Thread 2" [_thread_blocked, id=8004, stack(0x0000009cf4800000,0x0000009cf4900000)]
  0x00000254aded3800 JavaThread "Execution worker Thread 3" [_thread_blocked, id=3896, stack(0x0000009cf4900000,0x0000009cf4a00000)]
  0x00000254adeda000 JavaThread "Execution worker Thread 4" [_thread_blocked, id=7560, stack(0x0000009cf4a00000,0x0000009cf4b00000)]
  0x00000254aded5000 JavaThread "Execution worker Thread 5" [_thread_blocked, id=5484, stack(0x0000009cf4b00000,0x0000009cf4c00000)]
  0x00000254a249a000 JavaThread "Execution worker Thread 6" [_thread_blocked, id=3572, stack(0x0000009cf4c00000,0x0000009cf4d00000)]
  0x00000254a249f800 JavaThread "Execution worker Thread 7" [_thread_blocked, id=9760, stack(0x0000009cf4d00000,0x0000009cf4e00000)]
  0x00000254a249d000 JavaThread "Cache worker for execution history cache (E:\NIBM\HND\lectures\IOT - 2\Final\Android App\LpgGasLeakageDetector\.gradle\7.5\executionHistory)" [_thread_blocked, id=11648, stack(0x0000009cf4e00000,0x0000009cf4f00000)]

Other Threads:
  0x00000254a06f6000 VMThread "VM Thread" [stack: 0x0000009cec200000,0x0000009cec300000] [id=7060]
  0x00000254a11f2000 WatcherThread [stack: 0x0000009cecc00000,0x0000009cecd00000] [id=6072]
  0x000002548428b800 GCTaskThread "GC Thread#0" [stack: 0x0000009cebd00000,0x0000009cebe00000] [id=3668]
  0x00000254a1bd6000 GCTaskThread "GC Thread#1" [stack: 0x0000009cecf00000,0x0000009ced000000] [id=6200]
  0x00000254a18ff000 GCTaskThread "GC Thread#2" [stack: 0x0000009ced000000,0x0000009ced100000] [id=4004]
  0x00000254a2b8c800 GCTaskThread "GC Thread#3" [stack: 0x0000009ced900000,0x0000009ceda00000] [id=8768]
  0x00000254a26d4000 GCTaskThread "GC Thread#4" [stack: 0x0000009ceda00000,0x0000009cedb00000] [id=11448]
  0x00000254a3606800 GCTaskThread "GC Thread#5" [stack: 0x0000009cedb00000,0x0000009cedc00000] [id=8656]
  0x00000254a226e000 GCTaskThread "GC Thread#6" [stack: 0x0000009cedc00000,0x0000009cedd00000] [id=11460]
  0x00000254a226e800 GCTaskThread "GC Thread#7" [stack: 0x0000009cedd00000,0x0000009cede00000] [id=4280]
  0x00000254842bd800 ConcurrentGCThread "G1 Main Marker" [stack: 0x0000009cebe00000,0x0000009cebf00000] [id=6216]
  0x00000254842c0800 ConcurrentGCThread "G1 Conc#0" [stack: 0x0000009cebf00000,0x0000009cec000000] [id=15116]
  0x00000254a4bb5800 ConcurrentGCThread "G1 Conc#1" [stack: 0x0000009cee100000,0x0000009cee200000] [id=10820]
  0x000002548434e000 ConcurrentGCThread "G1 Refine#0" [stack: 0x0000009cec000000,0x0000009cec100000] [id=3144]
  0x00000254a0540800 ConcurrentGCThread "G1 Young RemSet Sampling" [stack: 0x0000009cec100000,0x0000009cec200000] [id=9160]

Threads with active compile tasks:
C2 CompilerThread1   299574 17960       4       org.gradle.internal.graph.CachingDirectedGraphWalker::doSearch (659 bytes)

VM state:not at safepoint (normal execution)

VM Mutex/Monitor currently owned by a thread: None

Heap address: 0x0000000080000000, size: 2048 MB, Compressed Oops mode: 32-bit
Narrow klass base: 0x0000000000000000, Narrow klass shift: 3
Compressed class space size: 1073741824 Address: 0x0000000100000000

Heap:
 garbage-first heap   total 187392K, used 139928K [0x0000000080000000, 0x0000000100000000)
  region size 1024K, 24 young (24576K), 1 survivors (1024K)
 Metaspace       used 106194K, capacity 109267K, committed 109616K, reserved 1144832K
  class space    used 13412K, capacity 14604K, committed 14720K, reserved 1048576K
Heap Regions: E=young(eden), S=young(survivor), O=old, HS=humongous(starts), HC=humongous(continues), CS=collection set, F=free, A=archive, TAMS=top-at-mark-start (previous, next)
|   0|0x0000000080000000, 0x0000000080100000, 0x0000000080100000|100%| O|  |TAMS 0x0000000080100000, 0x0000000080000000| Untracked 
|   1|0x0000000080100000, 0x0000000080200000, 0x0000000080200000|100%| O|  |TAMS 0x0000000080200000, 0x0000000080100000| Untracked 
|   2|0x0000000080200000, 0x0000000080300000, 0x0000000080300000|100%| O|  |TAMS 0x0000000080300000, 0x0000000080200000| Untracked 
|   3|0x0000000080300000, 0x0000000080400000, 0x0000000080400000|100%|HS|  |TAMS 0x0000000080400000, 0x0000000080300000| Complete 
|   4|0x0000000080400000, 0x0000000080500000, 0x0000000080500000|100%|HC|  |TAMS 0x0000000080500000, 0x0000000080400000| Complete 
|   5|0x0000000080500000, 0x0000000080600000, 0x0000000080600000|100%|HC|  |TAMS 0x0000000080600000, 0x0000000080500000| Complete 
|   6|0x0000000080600000, 0x0000000080700000, 0x0000000080700000|100%| O|  |TAMS 0x0000000080700000, 0x0000000080600000| Untracked 
|   7|0x0000000080700000, 0x0000000080800000, 0x0000000080800000|100%| O|  |TAMS 0x0000000080800000, 0x0000000080700000| Untracked 
|   8|0x0000000080800000, 0x0000000080900000, 0x0000000080900000|100%| O|  |TAMS 0x0000000080900000, 0x0000000080800000| Untracked 
|   9|0x0000000080900000, 0x0000000080a00000, 0x0000000080a00000|100%| O|  |TAMS 0x0000000080a00000, 0x0000000080900000| Untracked 
|  10|0x0000000080a00000, 0x0000000080b00000, 0x0000000080b00000|100%| O|  |TAMS 0x0000000080b00000, 0x0000000080a00000| Untracked 
|  11|0x0000000080b00000, 0x0000000080c00000, 0x0000000080c00000|100%| O|  |TAMS 0x0000000080c00000, 0x0000000080b00000| Untracked 
|  12|0x0000000080c00000, 0x0000000080d00000, 0x0000000080d00000|100%| O|  |TAMS 0x0000000080d00000, 0x0000000080c00000| Untracked 
|  13|0x0000000080d00000, 0x0000000080e00000, 0x0000000080e00000|100%| O|  |TAMS 0x0000000080e00000, 0x0000000080d00000| Untracked 
|  14|0x0000000080e00000, 0x0000000080f00000, 0x0000000080f00000|100%| O|  |TAMS 0x0000000080f00000, 0x0000000080e00000| Untracked 
|  15|0x0000000080f00000, 0x0000000081000000, 0x0000000081000000|100%| O|  |TAMS 0x0000000081000000, 0x0000000080f00000| Untracked 
|  16|0x0000000081000000, 0x0000000081100000, 0x0000000081100000|100%| O|  |TAMS 0x0000000081100000, 0x0000000081000000| Untracked 
|  17|0x0000000081100000, 0x0000000081200000, 0x0000000081200000|100%|HS|  |TAMS 0x0000000081200000, 0x0000000081100000| Complete 
|  18|0x0000000081200000, 0x0000000081300000, 0x0000000081300000|100%| O|  |TAMS 0x0000000081300000, 0x0000000081200000| Untracked 
|  19|0x0000000081300000, 0x0000000081400000, 0x0000000081400000|100%| O|  |TAMS 0x0000000081400000, 0x0000000081300000| Untracked 
|  20|0x0000000081400000, 0x0000000081500000, 0x0000000081500000|100%| O|  |TAMS 0x0000000081500000, 0x0000000081400000| Untracked 
|  21|0x0000000081500000, 0x0000000081600000, 0x0000000081600000|100%| O|  |TAMS 0x0000000081600000, 0x0000000081500000| Untracked 
|  22|0x0000000081600000, 0x0000000081700000, 0x0000000081700000|100%| O|  |TAMS 0x0000000081700000, 0x0000000081600000| Untracked 
|  23|0x0000000081700000, 0x0000000081800000, 0x0000000081800000|100%| O|  |TAMS 0x0000000081800000, 0x0000000081700000| Untracked 
|  24|0x0000000081800000, 0x0000000081900000, 0x0000000081900000|100%| O|  |TAMS 0x0000000081900000, 0x0000000081800000| Untracked 
|  25|0x0000000081900000, 0x0000000081a00000, 0x0000000081a00000|100%| O|  |TAMS 0x0000000081a00000, 0x0000000081900000| Untracked 
|  26|0x0000000081a00000, 0x0000000081b00000, 0x0000000081b00000|100%| O|  |TAMS 0x0000000081b00000, 0x0000000081a00000| Untracked 
|  27|0x0000000081b00000, 0x0000000081c00000, 0x0000000081c00000|100%| O|  |TAMS 0x0000000081c00000, 0x0000000081b00000| Untracked 
|  28|0x0000000081c00000, 0x0000000081d00000, 0x0000000081d00000|100%|HS|  |TAMS 0x0000000081d00000, 0x0000000081c00000| Complete 
|  29|0x0000000081d00000, 0x0000000081e00000, 0x0000000081e00000|100%|HS|  |TAMS 0x0000000081e00000, 0x0000000081d00000| Complete 
|  30|0x0000000081e00000, 0x0000000081f00000, 0x0000000081f00000|100%|HC|  |TAMS 0x0000000081f00000, 0x0000000081e00000| Complete 
|  31|0x0000000081f00000, 0x0000000082000000, 0x0000000082000000|100%|HS|  |TAMS 0x0000000082000000, 0x0000000081f00000| Complete 
|  32|0x0000000082000000, 0x0000000082100000, 0x0000000082100000|100%|HC|  |TAMS 0x0000000082100000, 0x0000000082000000| Complete 
|  33|0x0000000082100000, 0x0000000082200000, 0x0000000082200000|100%|HC|  |TAMS 0x0000000082200000, 0x0000000082100000| Complete 
|  34|0x0000000082200000, 0x0000000082300000, 0x0000000082300000|100%|HC|  |TAMS 0x0000000082300000, 0x0000000082200000| Complete 
|  35|0x0000000082300000, 0x0000000082400000, 0x0000000082400000|100%| O|  |TAMS 0x0000000082400000, 0x0000000082300000| Untracked 
|  36|0x0000000082400000, 0x0000000082500000, 0x0000000082500000|100%| O|  |TAMS 0x0000000082500000, 0x0000000082400000| Untracked 
|  37|0x0000000082500000, 0x0000000082600000, 0x0000000082600000|100%| O|  |TAMS 0x0000000082600000, 0x0000000082500000| Untracked 
|  38|0x0000000082600000, 0x0000000082700000, 0x0000000082700000|100%| O|  |TAMS 0x0000000082700000, 0x0000000082600000| Untracked 
|  39|0x0000000082700000, 0x0000000082800000, 0x0000000082800000|100%| O|  |TAMS 0x0000000082800000, 0x0000000082700000| Untracked 
|  40|0x0000000082800000, 0x0000000082900000, 0x0000000082900000|100%| O|  |TAMS 0x0000000082900000, 0x0000000082800000| Untracked 
|  41|0x0000000082900000, 0x0000000082a00000, 0x0000000082a00000|100%| O|  |TAMS 0x0000000082a00000, 0x0000000082900000| Untracked 
|  42|0x0000000082a00000, 0x0000000082b00000, 0x0000000082b00000|100%| O|  |TAMS 0x0000000082b00000, 0x0000000082a00000| Untracked 
|  43|0x0000000082b00000, 0x0000000082c00000, 0x0000000082c00000|100%| O|  |TAMS 0x0000000082c00000, 0x0000000082b00000| Untracked 
|  44|0x0000000082c00000, 0x0000000082d00000, 0x0000000082d00000|100%| O|  |TAMS 0x0000000082d00000, 0x0000000082c00000| Untracked 
|  45|0x0000000082d00000, 0x0000000082e00000, 0x0000000082e00000|100%| O|  |TAMS 0x0000000082e00000, 0x0000000082d00000| Untracked 
|  46|0x0000000082e00000, 0x0000000082f00000, 0x0000000082f00000|100%| O|  |TAMS 0x0000000082f00000, 0x0000000082e00000| Untracked 
|  47|0x0000000082f00000, 0x0000000083000000, 0x0000000083000000|100%| O|  |TAMS 0x0000000083000000, 0x0000000082f00000| Untracked 
|  48|0x0000000083000000, 0x0000000083100000, 0x0000000083100000|100%| O|  |TAMS 0x0000000083100000, 0x0000000083000000| Untracked 
|  49|0x0000000083100000, 0x0000000083200000, 0x0000000083200000|100%| O|  |TAMS 0x0000000083200000, 0x0000000083100000| Untracked 
|  50|0x0000000083200000, 0x0000000083300000, 0x0000000083300000|100%| O|  |TAMS 0x0000000083300000, 0x0000000083200000| Untracked 
|  51|0x0000000083300000, 0x0000000083400000, 0x0000000083400000|100%| O|  |TAMS 0x0000000083400000, 0x0000000083300000| Untracked 
|  52|0x0000000083400000, 0x0000000083500000, 0x0000000083500000|100%| O|  |TAMS 0x0000000083500000, 0x0000000083400000| Untracked 
|  53|0x0000000083500000, 0x0000000083600000, 0x0000000083600000|100%| O|  |TAMS 0x0000000083600000, 0x0000000083500000| Untracked 
|  54|0x0000000083600000, 0x0000000083700000, 0x0000000083700000|100%| O|  |TAMS 0x0000000083700000, 0x0000000083600000| Untracked 
|  55|0x0000000083700000, 0x0000000083800000, 0x0000000083800000|100%| O|  |TAMS 0x0000000083800000, 0x0000000083700000| Untracked 
|  56|0x0000000083800000, 0x0000000083900000, 0x0000000083900000|100%| O|  |TAMS 0x0000000083900000, 0x0000000083800000| Untracked 
|  57|0x0000000083900000, 0x0000000083a00000, 0x0000000083a00000|100%| O|  |TAMS 0x0000000083a00000, 0x0000000083900000| Untracked 
|  58|0x0000000083a00000, 0x0000000083b00000, 0x0000000083b00000|100%| O|  |TAMS 0x0000000083b00000, 0x0000000083a00000| Untracked 
|  59|0x0000000083b00000, 0x0000000083c00000, 0x0000000083c00000|100%| O|  |TAMS 0x0000000083c00000, 0x0000000083b00000| Untracked 
|  60|0x0000000083c00000, 0x0000000083d00000, 0x0000000083d00000|100%| O|  |TAMS 0x0000000083d00000, 0x0000000083c00000| Untracked 
|  61|0x0000000083d00000, 0x0000000083e00000, 0x0000000083e00000|100%| O|  |TAMS 0x0000000083e00000, 0x0000000083d00000| Untracked 
|  62|0x0000000083e00000, 0x0000000083f00000, 0x0000000083f00000|100%| O|  |TAMS 0x0000000083f00000, 0x0000000083e00000| Untracked 
|  63|0x0000000083f00000, 0x0000000084000000, 0x0000000084000000|100%| O|  |TAMS 0x0000000084000000, 0x0000000083f00000| Untracked 
|  64|0x0000000084000000, 0x0000000084100000, 0x0000000084100000|100%| O|  |TAMS 0x0000000084100000, 0x0000000084000000| Untracked 
|  65|0x0000000084100000, 0x0000000084200000, 0x0000000084200000|100%| O|  |TAMS 0x0000000084200000, 0x0000000084100000| Untracked 
|  66|0x0000000084200000, 0x0000000084300000, 0x0000000084300000|100%| O|  |TAMS 0x0000000084300000, 0x0000000084200000| Untracked 
|  67|0x0000000084300000, 0x0000000084400000, 0x0000000084400000|100%| O|  |TAMS 0x0000000084400000, 0x0000000084300000| Untracked 
|  68|0x0000000084400000, 0x0000000084500000, 0x0000000084500000|100%| O|  |TAMS 0x0000000084500000, 0x0000000084400000| Untracked 
|  69|0x0000000084500000, 0x0000000084500000, 0x0000000084600000|  0%| F|  |TAMS 0x0000000084500000, 0x0000000084500000| Untracked 
|  70|0x0000000084600000, 0x0000000084700000, 0x0000000084700000|100%| O|  |TAMS 0x0000000084700000, 0x0000000084600000| Untracked 
|  71|0x0000000084700000, 0x0000000084800000, 0x0000000084800000|100%| O|  |TAMS 0x0000000084800000, 0x0000000084700000| Untracked 
|  72|0x0000000084800000, 0x0000000084900000, 0x0000000084900000|100%| O|  |TAMS 0x0000000084900000, 0x0000000084800000| Untracked 
|  73|0x0000000084900000, 0x0000000084900000, 0x0000000084a00000|  0%| F|  |TAMS 0x0000000084900000, 0x0000000084900000| Untracked 
|  74|0x0000000084a00000, 0x0000000084b00000, 0x0000000084b00000|100%| O|  |TAMS 0x0000000084b00000, 0x0000000084a00000| Untracked 
|  75|0x0000000084b00000, 0x0000000084c00000, 0x0000000084c00000|100%| O|  |TAMS 0x0000000084c00000, 0x0000000084b00000| Untracked 
|  76|0x0000000084c00000, 0x0000000084d00000, 0x0000000084d00000|100%| O|  |TAMS 0x0000000084d00000, 0x0000000084c00000| Untracked 
|  77|0x0000000084d00000, 0x0000000084e00000, 0x0000000084e00000|100%| O|  |TAMS 0x0000000084e00000, 0x0000000084d00000| Untracked 
|  78|0x0000000084e00000, 0x0000000084f00000, 0x0000000084f00000|100%| O|  |TAMS 0x0000000084f00000, 0x0000000084e00000| Untracked 
|  79|0x0000000084f00000, 0x0000000085000000, 0x0000000085000000|100%| O|  |TAMS 0x0000000085000000, 0x0000000084f00000| Untracked 
|  80|0x0000000085000000, 0x0000000085100000, 0x0000000085100000|100%| O|  |TAMS 0x0000000085100000, 0x0000000085000000| Untracked 
|  81|0x0000000085100000, 0x0000000085200000, 0x0000000085200000|100%| O|  |TAMS 0x0000000085200000, 0x0000000085100000| Untracked 
|  82|0x0000000085200000, 0x0000000085300000, 0x0000000085300000|100%| O|  |TAMS 0x0000000085300000, 0x0000000085200000| Untracked 
|  83|0x0000000085300000, 0x0000000085400000, 0x0000000085400000|100%| O|  |TAMS 0x0000000085400000, 0x0000000085300000| Untracked 
|  84|0x0000000085400000, 0x0000000085500000, 0x0000000085500000|100%| O|  |TAMS 0x0000000085500000, 0x0000000085400000| Untracked 
|  85|0x0000000085500000, 0x0000000085600000, 0x0000000085600000|100%| O|  |TAMS 0x0000000085600000, 0x0000000085500000| Untracked 
|  86|0x0000000085600000, 0x0000000085700000, 0x0000000085700000|100%| O|  |TAMS 0x0000000085700000, 0x0000000085600000| Untracked 
|  87|0x0000000085700000, 0x0000000085700000, 0x0000000085800000|  0%| F|  |TAMS 0x0000000085700000, 0x0000000085700000| Untracked 
|  88|0x0000000085800000, 0x0000000085900000, 0x0000000085900000|100%| O|  |TAMS 0x0000000085900000, 0x0000000085800000| Untracked 
|  89|0x0000000085900000, 0x0000000085a00000, 0x0000000085a00000|100%| O|  |TAMS 0x0000000085a00000, 0x0000000085900000| Untracked 
|  90|0x0000000085a00000, 0x0000000085b00000, 0x0000000085b00000|100%| O|  |TAMS 0x0000000085b00000, 0x0000000085a00000| Untracked 
|  91|0x0000000085b00000, 0x0000000085c00000, 0x0000000085c00000|100%| O|  |TAMS 0x0000000085c00000, 0x0000000085b00000| Untracked 
|  92|0x0000000085c00000, 0x0000000085c00000, 0x0000000085d00000|  0%| F|  |TAMS 0x0000000085c00000, 0x0000000085c00000| Untracked 
|  93|0x0000000085d00000, 0x0000000085e00000, 0x0000000085e00000|100%| O|  |TAMS 0x0000000085e00000, 0x0000000085d00000| Untracked 
|  94|0x0000000085e00000, 0x0000000085f00000, 0x0000000085f00000|100%| O|  |TAMS 0x0000000085f00000, 0x0000000085e00000| Untracked 
|  95|0x0000000085f00000, 0x0000000086000000, 0x0000000086000000|100%| O|  |TAMS 0x0000000086000000, 0x0000000085f00000| Untracked 
|  96|0x0000000086000000, 0x0000000086000000, 0x0000000086100000|  0%| F|  |TAMS 0x0000000086000000, 0x0000000086000000| Untracked 
|  97|0x0000000086100000, 0x0000000086200000, 0x0000000086200000|100%| O|  |TAMS 0x0000000086100000, 0x0000000086100000| Untracked 
|  98|0x0000000086200000, 0x0000000086300000, 0x0000000086300000|100%| O|  |TAMS 0x0000000086300000, 0x0000000086200000| Untracked 
|  99|0x0000000086300000, 0x0000000086400000, 0x0000000086400000|100%| O|  |TAMS 0x0000000086400000, 0x0000000086300000| Untracked 
| 100|0x0000000086400000, 0x0000000086400000, 0x0000000086500000|  0%| F|  |TAMS 0x0000000086400000, 0x0000000086400000| Untracked 
| 101|0x0000000086500000, 0x0000000086600000, 0x0000000086600000|100%| O|  |TAMS 0x0000000086600000, 0x0000000086500000| Untracked 
| 102|0x0000000086600000, 0x0000000086700000, 0x0000000086700000|100%| O|  |TAMS 0x0000000086700000, 0x0000000086600000| Untracked 
| 103|0x0000000086700000, 0x0000000086800000, 0x0000000086800000|100%| O|  |TAMS 0x0000000086800000, 0x0000000086700000| Untracked 
| 104|0x0000000086800000, 0x0000000086900000, 0x0000000086900000|100%| O|  |TAMS 0x0000000086800000, 0x0000000086800000| Untracked 
| 105|0x0000000086900000, 0x0000000086a00000, 0x0000000086a00000|100%| O|  |TAMS 0x0000000086a00000, 0x0000000086900000| Untracked 
| 106|0x0000000086a00000, 0x0000000086b00000, 0x0000000086b00000|100%| O|  |TAMS 0x0000000086ac5000, 0x0000000086a00000| Untracked 
| 107|0x0000000086b00000, 0x0000000086c00000, 0x0000000086c00000|100%| O|  |TAMS 0x0000000086b00000, 0x0000000086b00000| Untracked 
| 108|0x0000000086c00000, 0x0000000086d00000, 0x0000000086d00000|100%| O|  |TAMS 0x0000000086d00000, 0x0000000086c00000| Untracked 
| 109|0x0000000086d00000, 0x0000000086e00000, 0x0000000086e00000|100%| O|  |TAMS 0x0000000086d00000, 0x0000000086d00000| Untracked 
| 110|0x0000000086e00000, 0x0000000086f00000, 0x0000000086f00000|100%| O|  |TAMS 0x0000000086e00000, 0x0000000086e00000| Untracked 
| 111|0x0000000086f00000, 0x0000000086f24e00, 0x0000000087000000| 14%| O|  |TAMS 0x0000000086f00000, 0x0000000086f00000| Untracked 
| 112|0x0000000087000000, 0x0000000087000000, 0x0000000087100000|  0%| F|  |TAMS 0x0000000087000000, 0x0000000087000000| Untracked 
| 113|0x0000000087100000, 0x0000000087100000, 0x0000000087200000|  0%| F|  |TAMS 0x0000000087100000, 0x0000000087100000| Untracked 
| 114|0x0000000087200000, 0x0000000087200000, 0x0000000087300000|  0%| F|  |TAMS 0x0000000087200000, 0x0000000087200000| Untracked 
| 115|0x0000000087300000, 0x0000000087300000, 0x0000000087400000|  0%| F|  |TAMS 0x0000000087300000, 0x0000000087300000| Untracked 
| 116|0x0000000087400000, 0x0000000087400000, 0x0000000087500000|  0%| F|  |TAMS 0x0000000087400000, 0x0000000087400000| Untracked 
| 117|0x0000000087500000, 0x0000000087500000, 0x0000000087600000|  0%| F|  |TAMS 0x0000000087500000, 0x0000000087500000| Untracked 
| 118|0x0000000087600000, 0x0000000087600000, 0x0000000087700000|  0%| F|  |TAMS 0x0000000087600000, 0x0000000087600000| Untracked 
| 119|0x0000000087700000, 0x0000000087700000, 0x0000000087800000|  0%| F|  |TAMS 0x0000000087700000, 0x0000000087700000| Untracked 
| 120|0x0000000087800000, 0x0000000087800000, 0x0000000087900000|  0%| F|  |TAMS 0x0000000087800000, 0x0000000087800000| Untracked 
| 121|0x0000000087900000, 0x0000000087900000, 0x0000000087a00000|  0%| F|  |TAMS 0x0000000087900000, 0x0000000087900000| Untracked 
| 122|0x0000000087a00000, 0x0000000087a00000, 0x0000000087b00000|  0%| F|  |TAMS 0x0000000087a00000, 0x0000000087a00000| Untracked 
| 123|0x0000000087b00000, 0x0000000087b00000, 0x0000000087c00000|  0%| F|  |TAMS 0x0000000087b00000, 0x0000000087b00000| Untracked 
| 124|0x0000000087c00000, 0x0000000087d00000, 0x0000000087d00000|100%| O|  |TAMS 0x0000000087d00000, 0x0000000087c00000| Untracked 
| 125|0x0000000087d00000, 0x0000000087e00000, 0x0000000087e00000|100%| O|  |TAMS 0x0000000087e00000, 0x0000000087d00000| Untracked 
| 126|0x0000000087e00000, 0x0000000087f00000, 0x0000000087f00000|100%| O|  |TAMS 0x0000000087f00000, 0x0000000087e00000| Untracked 
| 127|0x0000000087f00000, 0x0000000088000000, 0x0000000088000000|100%| O|  |TAMS 0x0000000088000000, 0x0000000087f00000| Untracked 
| 128|0x0000000088000000, 0x0000000088100000, 0x0000000088100000|100%| O|  |TAMS 0x0000000088100000, 0x0000000088000000| Untracked 
| 129|0x0000000088100000, 0x0000000088200000, 0x0000000088200000|100%| O|  |TAMS 0x0000000088200000, 0x0000000088100000| Untracked 
| 130|0x0000000088200000, 0x0000000088300000, 0x0000000088300000|100%| O|  |TAMS 0x0000000088300000, 0x0000000088200000| Untracked 
| 131|0x0000000088300000, 0x0000000088400000, 0x0000000088400000|100%| O|  |TAMS 0x0000000088400000, 0x0000000088300000| Untracked 
| 132|0x0000000088400000, 0x0000000088400000, 0x0000000088500000|  0%| F|  |TAMS 0x0000000088400000, 0x0000000088400000| Untracked 
| 133|0x0000000088500000, 0x0000000088500000, 0x0000000088600000|  0%| F|  |TAMS 0x0000000088500000, 0x0000000088500000| Untracked 
| 134|0x0000000088600000, 0x0000000088600000, 0x0000000088700000|  0%| F|  |TAMS 0x0000000088600000, 0x0000000088600000| Untracked 
| 135|0x0000000088700000, 0x0000000088700000, 0x0000000088800000|  0%| F|  |TAMS 0x0000000088700000, 0x0000000088700000| Untracked 
| 136|0x0000000088800000, 0x0000000088800000, 0x0000000088900000|  0%| F|  |TAMS 0x0000000088800000, 0x0000000088800000| Untracked 
| 137|0x0000000088900000, 0x0000000088900000, 0x0000000088a00000|  0%| F|  |TAMS 0x0000000088900000, 0x0000000088900000| Untracked 
| 138|0x0000000088a00000, 0x0000000088a00000, 0x0000000088b00000|  0%| F|  |TAMS 0x0000000088a00000, 0x0000000088a00000| Untracked 
| 139|0x0000000088b00000, 0x0000000088c00000, 0x0000000088c00000|100%| O|  |TAMS 0x0000000088c00000, 0x0000000088b00000| Untracked 
| 140|0x0000000088c00000, 0x0000000088c00000, 0x0000000088d00000|  0%| F|  |TAMS 0x0000000088c00000, 0x0000000088c00000| Untracked 
| 141|0x0000000088d00000, 0x0000000088d00000, 0x0000000088e00000|  0%| F|  |TAMS 0x0000000088d00000, 0x0000000088d00000| Untracked 
| 142|0x0000000088e00000, 0x0000000088e00000, 0x0000000088f00000|  0%| F|  |TAMS 0x0000000088e00000, 0x0000000088e00000| Untracked 
| 143|0x0000000088f00000, 0x0000000088f00000, 0x0000000089000000|  0%| F|  |TAMS 0x0000000088f00000, 0x0000000088f00000| Untracked 
| 144|0x0000000089000000, 0x0000000089000000, 0x0000000089100000|  0%| F|  |TAMS 0x0000000089000000, 0x0000000089000000| Untracked 
| 145|0x0000000089100000, 0x0000000089100000, 0x0000000089200000|  0%| F|  |TAMS 0x0000000089100000, 0x0000000089100000| Untracked 
| 146|0x0000000089200000, 0x0000000089200000, 0x0000000089300000|  0%| F|  |TAMS 0x0000000089200000, 0x0000000089200000| Untracked 
| 147|0x0000000089300000, 0x0000000089300000, 0x0000000089400000|  0%| F|  |TAMS 0x0000000089300000, 0x0000000089300000| Untracked 
| 148|0x0000000089400000, 0x0000000089400000, 0x0000000089500000|  0%| F|  |TAMS 0x0000000089400000, 0x0000000089400000| Untracked 
| 149|0x0000000089500000, 0x0000000089500000, 0x0000000089600000|  0%| F|  |TAMS 0x0000000089500000, 0x0000000089500000| Untracked 
| 150|0x0000000089600000, 0x0000000089600000, 0x0000000089700000|  0%| F|  |TAMS 0x0000000089600000, 0x0000000089600000| Untracked 
| 151|0x0000000089700000, 0x0000000089700000, 0x0000000089800000|  0%| F|  |TAMS 0x0000000089700000, 0x0000000089700000| Untracked 
| 152|0x0000000089800000, 0x0000000089800000, 0x0000000089900000|  0%| F|  |TAMS 0x0000000089800000, 0x0000000089800000| Untracked 
| 153|0x0000000089900000, 0x0000000089900000, 0x0000000089a00000|  0%| F|  |TAMS 0x0000000089900000, 0x0000000089900000| Untracked 
| 154|0x0000000089a00000, 0x0000000089a00000, 0x0000000089b00000|  0%| F|  |TAMS 0x0000000089a00000, 0x0000000089a00000| Untracked 
| 155|0x0000000089b00000, 0x0000000089b00000, 0x0000000089c00000|  0%| F|  |TAMS 0x0000000089b00000, 0x0000000089b00000| Untracked 
| 156|0x0000000089c00000, 0x0000000089c00000, 0x0000000089d00000|  0%| F|  |TAMS 0x0000000089c00000, 0x0000000089c00000| Untracked 
| 157|0x0000000089d00000, 0x0000000089d00000, 0x0000000089e00000|  0%| F|  |TAMS 0x0000000089d00000, 0x0000000089d00000| Untracked 
| 158|0x0000000089e00000, 0x0000000089e00000, 0x0000000089f00000|  0%| F|  |TAMS 0x0000000089e00000, 0x0000000089e00000| Untracked 
| 159|0x0000000089f00000, 0x0000000089fb1188, 0x000000008a000000| 69%| E|  |TAMS 0x0000000089f00000, 0x0000000089f00000| Complete 
| 160|0x000000008a000000, 0x000000008a100000, 0x000000008a100000|100%| E|CS|TAMS 0x000000008a000000, 0x000000008a000000| Complete 
| 161|0x000000008a100000, 0x000000008a200000, 0x000000008a200000|100%| E|CS|TAMS 0x000000008a100000, 0x000000008a100000| Complete 
| 162|0x000000008a200000, 0x000000008a300000, 0x000000008a300000|100%| E|CS|TAMS 0x000000008a200000, 0x000000008a200000| Complete 
| 163|0x000000008a300000, 0x000000008a400000, 0x000000008a400000|100%| E|CS|TAMS 0x000000008a300000, 0x000000008a300000| Complete 
| 164|0x000000008a400000, 0x000000008a500000, 0x000000008a500000|100%| E|CS|TAMS 0x000000008a400000, 0x000000008a400000| Complete 
| 165|0x000000008a500000, 0x000000008a600000, 0x000000008a600000|100%| E|CS|TAMS 0x000000008a500000, 0x000000008a500000| Complete 
| 166|0x000000008a600000, 0x000000008a700000, 0x000000008a700000|100%| E|CS|TAMS 0x000000008a600000, 0x000000008a600000| Complete 
| 167|0x000000008a700000, 0x000000008a800000, 0x000000008a800000|100%| E|CS|TAMS 0x000000008a700000, 0x000000008a700000| Complete 
| 168|0x000000008a800000, 0x000000008a900000, 0x000000008a900000|100%| E|CS|TAMS 0x000000008a800000, 0x000000008a800000| Complete 
| 169|0x000000008a900000, 0x000000008aa00000, 0x000000008aa00000|100%| E|CS|TAMS 0x000000008a900000, 0x000000008a900000| Complete 
| 170|0x000000008aa00000, 0x000000008ab00000, 0x000000008ab00000|100%| E|CS|TAMS 0x000000008aa00000, 0x000000008aa00000| Complete 
| 171|0x000000008ab00000, 0x000000008ac00000, 0x000000008ac00000|100%| E|CS|TAMS 0x000000008ab00000, 0x000000008ab00000| Complete 
| 172|0x000000008ac00000, 0x000000008ad00000, 0x000000008ad00000|100%| E|CS|TAMS 0x000000008ac00000, 0x000000008ac00000| Complete 
| 173|0x000000008ad00000, 0x000000008ae00000, 0x000000008ae00000|100%| E|CS|TAMS 0x000000008ad00000, 0x000000008ad00000| Complete 
| 174|0x000000008ae00000, 0x000000008af00000, 0x000000008af00000|100%| E|CS|TAMS 0x000000008ae00000, 0x000000008ae00000| Complete 
| 175|0x000000008af00000, 0x000000008b000000, 0x000000008b000000|100%| E|CS|TAMS 0x000000008af00000, 0x000000008af00000| Complete 
| 176|0x000000008b000000, 0x000000008b0814c0, 0x000000008b100000| 50%| S|CS|TAMS 0x000000008b000000, 0x000000008b000000| Complete 
| 177|0x000000008b100000, 0x000000008b200000, 0x000000008b200000|100%| E|CS|TAMS 0x000000008b100000, 0x000000008b100000| Complete 
| 178|0x000000008b200000, 0x000000008b300000, 0x000000008b300000|100%| E|CS|TAMS 0x000000008b200000, 0x000000008b200000| Complete 
| 179|0x000000008b300000, 0x000000008b400000, 0x000000008b400000|100%| E|CS|TAMS 0x000000008b300000, 0x000000008b300000| Complete 
| 180|0x000000008b400000, 0x000000008b500000, 0x000000008b500000|100%| E|CS|TAMS 0x000000008b400000, 0x000000008b400000| Complete 
| 181|0x000000008b500000, 0x000000008b600000, 0x000000008b600000|100%| E|CS|TAMS 0x000000008b500000, 0x000000008b500000| Complete 
| 182|0x000000008b600000, 0x000000008b700000, 0x000000008b700000|100%| E|CS|TAMS 0x000000008b600000, 0x000000008b600000| Complete 

Card table byte_map: [0x0000025499400000,0x0000025499800000] _byte_map_base: 0x0000025499000000

Marking Bits (Prev, Next): (CMBitMap*) 0x00000254842b4e28, (CMBitMap*) 0x00000254842b4e60
 Prev Bits: [0x0000025499c00000, 0x000002549bc00000)
 Next Bits: [0x000002549bc00000, 0x000002549dc00000)

Polling page: 0x0000025484350000

Metaspace:

Usage:
  Non-class:     92.44 MB capacity,    90.61 MB ( 98%) used,     1.47 MB (  2%) free+waste,   372.50 KB ( <1%) overhead. 
      Class:     14.26 MB capacity,    13.10 MB ( 92%) used,     1.00 MB (  7%) free+waste,   165.75 KB (  1%) overhead. 
       Both:    106.71 MB capacity,   103.71 MB ( 97%) used,     2.48 MB (  2%) free+waste,   538.25 KB ( <1%) overhead. 

Virtual space:
  Non-class space:       94.00 MB reserved,      92.67 MB ( 99%) committed 
      Class space:        1.00 GB reserved,      14.38 MB (  1%) committed 
             Both:        1.09 GB reserved,     107.05 MB ( 10%) committed 

Chunk freelists:
   Non-Class:  41.00 KB
       Class:  0 bytes
        Both:  41.00 KB

MaxMetaspaceSize: 17179869184.00 GB
CompressedClassSpaceSize: 1.00 GB
Initial GC threshold: 20.80 MB
Current GC threshold: 177.79 MB
CDS: off

CodeHeap 'non-profiled nmethods': size=120000Kb used=13748Kb max_used=13748Kb free=106251Kb
 bounds [0x0000025491060000, 0x0000025491dd0000, 0x0000025498590000]
CodeHeap 'profiled nmethods': size=120000Kb used=36560Kb max_used=36560Kb free=83439Kb
 bounds [0x0000025489b30000, 0x000002548bef0000, 0x0000025491060000]
CodeHeap 'non-nmethods': size=5760Kb used=2435Kb max_used=2504Kb free=3324Kb
 bounds [0x0000025489590000, 0x0000025489820000, 0x0000025489b30000]
 total_blobs=17873 nmethods=16921 adapters=863
 compilation: enabled
              stopped_count=0, restarted_count=0
 full_count=0

Compilation events (20 events):
Event: 296.532 Thread 0x00000254a107f000 nmethod 17975 0x0000025491dca010 code [0x0000025491dca200, 0x0000025491dca9c8]
Event: 296.532 Thread 0x00000254a107f000 17961       4       org.gradle.api.internal.provider.ValueSupplier$UnknownProducer::visitProducerTasks (1 bytes)
Event: 296.532 Thread 0x00000254a107f000 nmethod 17961 0x0000025491dcac90 code [0x0000025491dcae20, 0x0000025491dcae78]
Event: 296.586 Thread 0x00000254a107f000 17981       4       org.gradle.api.DefaultTask::getPath (5 bytes)
Event: 296.603 Thread 0x00000254a107f000 nmethod 17981 0x0000025491dcaf90 code [0x0000025491dcb140, 0x0000025491dcb1e8]
Event: 296.641 Thread 0x00000254a1080000 nmethod 17977 0x000002548bed9c10 code [0x000002548bed9fa0, 0x000002548bedbb38]
Event: 296.641 Thread 0x00000254a1080000 17982       3       org.gradle.api.internal.provider.AbstractProperty::attachProducer (94 bytes)
Event: 296.650 Thread 0x00000254a1080000 nmethod 17982 0x000002548bedc290 code [0x000002548bedc500, 0x000002548bedceb8]
Event: 296.650 Thread 0x00000254a1080000 17979       3       org.gradle.internal.metaobject.AbstractDynamicObject::getProperty (24 bytes)
Event: 296.650 Thread 0x00000254a1080000 nmethod 17979 0x000002548bedd110 code [0x000002548bedd320, 0x000002548bedd8e8]
Event: 296.650 Thread 0x00000254a1080000 17980       3       org.gradle.api.DefaultTask::getOutputs (5 bytes)
Event: 296.836 Thread 0x00000254a107f000 17984       4       org.gradle.api.internal.tasks.properties.annotations.InputPropertyAnnotationHandler::visitPropertyValue (18 bytes)
Event: 297.428 Thread 0x00000254a1080000 nmethod 17980 0x000002548beddb10 code [0x000002548beddcc0, 0x000002548beddeb8]
Event: 297.428 Thread 0x00000254a1080000 17978       3       org.gradle.api.internal.AbstractTask::assertDynamicObject (41 bytes)
Event: 297.429 Thread 0x00000254a1080000 nmethod 17978 0x000002548beddf90 code [0x000002548bede200, 0x000002548bedec58]
Event: 297.432 Thread 0x00000254a1080000 17985       3       org.gradle.execution.plan.NodeGroup::checkSuccessorsCompleteFor (4 bytes)
Event: 297.433 Thread 0x00000254a1080000 nmethod 17985 0x000002548bedf010 code [0x000002548bedf1c0, 0x000002548bedf2d8]
Event: 297.464 Thread 0x00000254a107f000 nmethod 17984 0x0000025491dcb310 code [0x0000025491dcb4e0, 0x0000025491dcb808]
Event: 297.464 Thread 0x00000254a107f000 17986   !   4       org.gradle.internal.event.DefaultListenerManager$EventBroadcast::maybeAdd (103 bytes)
Event: 297.469 Thread 0x00000254a107f000 nmethod 17986 0x0000025491dcbb90 code [0x0000025491dcbda0, 0x0000025491dcc2b0]

GC Heap History (20 events):
Event: 222.567 GC heap before
{Heap before GC invocations=82 (full 0):
 garbage-first heap   total 187392K, used 144693K [0x0000000080000000, 0x0000000100000000)
  region size 1024K, 9 young (9216K), 4 survivors (4096K)
 Metaspace       used 105741K, capacity 108878K, committed 108976K, reserved 1144832K
  class space    used 13380K, capacity 14544K, committed 14592K, reserved 1048576K
}
Event: 222.612 GC heap after
{Heap after GC invocations=83 (full 0):
 garbage-first heap   total 187392K, used 128859K [0x0000000080000000, 0x0000000100000000)
  region size 1024K, 1 young (1024K), 1 survivors (1024K)
 Metaspace       used 105741K, capacity 108878K, committed 108976K, reserved 1144832K
  class space    used 13380K, capacity 14544K, committed 14592K, reserved 1048576K
}
Event: 222.771 GC heap before
{Heap before GC invocations=83 (full 0):
 garbage-first heap   total 187392K, used 144219K [0x0000000080000000, 0x0000000100000000)
  region size 1024K, 17 young (17408K), 1 survivors (1024K)
 Metaspace       used 105747K, capacity 108878K, committed 108976K, reserved 1144832K
  class space    used 13380K, capacity 14544K, committed 14592K, reserved 1048576K
}
Event: 222.779 GC heap after
{Heap after GC invocations=84 (full 0):
 garbage-first heap   total 187392K, used 137659K [0x0000000080000000, 0x0000000100000000)
  region size 1024K, 3 young (3072K), 3 survivors (3072K)
 Metaspace       used 105747K, capacity 108878K, committed 108976K, reserved 1144832K
  class space    used 13380K, capacity 14544K, committed 14592K, reserved 1048576K
}
Event: 223.636 GC heap before
{Heap before GC invocations=85 (full 0):
 garbage-first heap   total 187392K, used 166331K [0x0000000080000000, 0x0000000100000000)
  region size 1024K, 15 young (15360K), 3 survivors (3072K)
 Metaspace       used 105845K, capacity 108963K, committed 109232K, reserved 1144832K
  class space    used 13395K, capacity 14572K, committed 14592K, reserved 1048576K
}
Event: 223.647 GC heap after
{Heap after GC invocations=86 (full 0):
 garbage-first heap   total 187392K, used 138718K [0x0000000080000000, 0x0000000100000000)
  region size 1024K, 1 young (1024K), 1 survivors (1024K)
 Metaspace       used 105845K, capacity 108963K, committed 109232K, reserved 1144832K
  class space    used 13395K, capacity 14572K, committed 14592K, reserved 1048576K
}
Event: 224.080 GC heap before
{Heap before GC invocations=86 (full 0):
 garbage-first heap   total 187392K, used 145886K [0x0000000080000000, 0x0000000100000000)
  region size 1024K, 9 young (9216K), 1 survivors (1024K)
 Metaspace       used 105900K, capacity 109058K, committed 109232K, reserved 1144832K
  class space    used 13400K, capacity 14581K, committed 14592K, reserved 1048576K
}
Event: 224.117 GC heap after
{Heap after GC invocations=87 (full 0):
 garbage-first heap   total 187392K, used 136425K [0x0000000080000000, 0x0000000100000000)
  region size 1024K, 2 young (2048K), 2 survivors (2048K)
 Metaspace       used 105900K, capacity 109058K, committed 109232K, reserved 1144832K
  class space    used 13400K, capacity 14581K, committed 14592K, reserved 1048576K
}
Event: 238.910 GC heap before
{Heap before GC invocations=87 (full 0):
 garbage-first heap   total 187392K, used 149737K [0x0000000080000000, 0x0000000100000000)
  region size 1024K, 16 young (16384K), 2 survivors (2048K)
 Metaspace       used 105927K, capacity 109060K, committed 109232K, reserved 1144832K
  class space    used 13400K, capacity 14581K, committed 14592K, reserved 1048576K
}
Event: 238.921 GC heap after
{Heap after GC invocations=88 (full 0):
 garbage-first heap   total 187392K, used 140201K [0x0000000080000000, 0x0000000100000000)
  region size 1024K, 2 young (2048K), 2 survivors (2048K)
 Metaspace       used 105927K, capacity 109060K, committed 109232K, reserved 1144832K
  class space    used 13400K, capacity 14581K, committed 14592K, reserved 1048576K
}
Event: 239.524 GC heap before
{Heap before GC invocations=89 (full 0):
 garbage-first heap   total 187392K, used 137129K [0x0000000080000000, 0x0000000100000000)
  region size 1024K, 15 young (15360K), 2 survivors (2048K)
 Metaspace       used 105937K, capacity 109061K, committed 109232K, reserved 1144832K
  class space    used 13400K, capacity 14581K, committed 14592K, reserved 1048576K
}
Event: 239.530 GC heap after
{Heap after GC invocations=90 (full 0):
 garbage-first heap   total 187392K, used 126911K [0x0000000080000000, 0x0000000100000000)
  region size 1024K, 2 young (2048K), 2 survivors (2048K)
 Metaspace       used 105937K, capacity 109061K, committed 109232K, reserved 1144832K
  class space    used 13400K, capacity 14581K, committed 14592K, reserved 1048576K
}
Event: 239.760 GC heap before
{Heap before GC invocations=90 (full 0):
 garbage-first heap   total 187392K, used 133055K [0x0000000080000000, 0x0000000100000000)
  region size 1024K, 9 young (9216K), 2 survivors (2048K)
 Metaspace       used 105938K, capacity 109061K, committed 109232K, reserved 1144832K
  class space    used 13400K, capacity 14581K, committed 14592K, reserved 1048576K
}
Event: 239.768 GC heap after
{Heap after GC invocations=91 (full 0):
 garbage-first heap   total 187392K, used 120125K [0x0000000080000000, 0x0000000100000000)
  region size 1024K, 2 young (2048K), 2 survivors (2048K)
 Metaspace       used 105938K, capacity 109061K, committed 109232K, reserved 1144832K
  class space    used 13400K, capacity 14581K, committed 14592K, reserved 1048576K
}
Event: 241.317 GC heap before
{Heap before GC invocations=91 (full 0):
 garbage-first heap   total 187392K, used 141629K [0x0000000080000000, 0x0000000100000000)
  region size 1024K, 24 young (24576K), 2 survivors (2048K)
 Metaspace       used 106043K, capacity 109194K, committed 109360K, reserved 1144832K
  class space    used 13411K, capacity 14603K, committed 14720K, reserved 1048576K
}
Event: 241.322 GC heap after
{Heap after GC invocations=92 (full 0):
 garbage-first heap   total 187392K, used 120702K [0x0000000080000000, 0x0000000100000000)
  region size 1024K, 3 young (3072K), 3 survivors (3072K)
 Metaspace       used 106043K, capacity 109194K, committed 109360K, reserved 1144832K
  class space    used 13411K, capacity 14603K, committed 14720K, reserved 1048576K
}
Event: 289.227 GC heap before
{Heap before GC invocations=93 (full 0):
 garbage-first heap   total 187392K, used 156542K [0x0000000080000000, 0x0000000100000000)
  region size 1024K, 27 young (27648K), 3 survivors (3072K)
 Metaspace       used 106111K, capacity 109267K, committed 109616K, reserved 1144832K
  class space    used 13412K, capacity 14604K, committed 14720K, reserved 1048576K
}
Event: 289.269 GC heap after
{Heap after GC invocations=94 (full 0):
 garbage-first heap   total 187392K, used 121078K [0x0000000080000000, 0x0000000100000000)
  region size 1024K, 3 young (3072K), 3 survivors (3072K)
 Metaspace       used 106111K, capacity 109267K, committed 109616K, reserved 1144832K
  class space    used 13412K, capacity 14604K, committed 14720K, reserved 1048576K
}
Event: 289.621 GC heap before
{Heap before GC invocations=94 (full 0):
 garbage-first heap   total 187392K, used 126198K [0x0000000080000000, 0x0000000100000000)
  region size 1024K, 9 young (9216K), 3 survivors (3072K)
 Metaspace       used 106111K, capacity 109267K, committed 109616K, reserved 1144832K
  class space    used 13412K, capacity 14604K, committed 14720K, reserved 1048576K
}
Event: 289.653 GC heap after
{Heap after GC invocations=95 (full 0):
 garbage-first heap   total 187392K, used 117400K [0x0000000080000000, 0x0000000100000000)
  region size 1024K, 1 young (1024K), 1 survivors (1024K)
 Metaspace       used 106111K, capacity 109267K, committed 109616K, reserved 1144832K
  class space    used 13412K, capacity 14604K, committed 14720K, reserved 1048576K
}

Deoptimization events (20 events):
Event: 284.523 Thread 0x00000254a8a5e800 DEOPT PACKING pc=0x00000254918cc070 sp=0x0000009ced2f70c0
Event: 284.523 Thread 0x00000254a8a5e800 DEOPT UNPACKING pc=0x00000254895985af sp=0x0000009ced2f7070 mode 2
Event: 290.483 Thread 0x00000254a8a5e800 Uncommon trap: trap_request=0xffffffd6 fr.pc=0x0000025491cf864c relative=0x0000000000000e6c
Event: 290.483 Thread 0x00000254a8a5e800 Uncommon trap: reason=array_check action=maybe_recompile pc=0x0000025491cf864c method=com.google.common.collect.RegularImmutableMap.fromEntryArray(I[Ljava/util/Map$Entry;)Lcom/google/common/collect/ImmutableMap; @ 157 c2
Event: 290.483 Thread 0x00000254a8a5e800 DEOPT PACKING pc=0x0000025491cf864c sp=0x0000009ced2f75a0
Event: 290.483 Thread 0x00000254a8a5e800 DEOPT UNPACKING pc=0x00000254895985af sp=0x0000009ced2f7560 mode 2
Event: 290.483 Thread 0x00000254a8a5e800 Uncommon trap: trap_request=0xffffffd6 fr.pc=0x0000025491cf864c relative=0x0000000000000e6c
Event: 290.483 Thread 0x00000254a8a5e800 Uncommon trap: reason=array_check action=maybe_recompile pc=0x0000025491cf864c method=com.google.common.collect.RegularImmutableMap.fromEntryArray(I[Ljava/util/Map$Entry;)Lcom/google/common/collect/ImmutableMap; @ 157 c2
Event: 290.483 Thread 0x00000254a8a5e800 DEOPT PACKING pc=0x0000025491cf864c sp=0x0000009ced2f75a0
Event: 290.483 Thread 0x00000254a8a5e800 DEOPT UNPACKING pc=0x00000254895985af sp=0x0000009ced2f7560 mode 2
Event: 290.483 Thread 0x00000254a8a5e800 Uncommon trap: trap_request=0xffffffd6 fr.pc=0x0000025491cf864c relative=0x0000000000000e6c
Event: 290.483 Thread 0x00000254a8a5e800 Uncommon trap: reason=array_check action=maybe_recompile pc=0x0000025491cf864c method=com.google.common.collect.RegularImmutableMap.fromEntryArray(I[Ljava/util/Map$Entry;)Lcom/google/common/collect/ImmutableMap; @ 157 c2
Event: 290.483 Thread 0x00000254a8a5e800 DEOPT PACKING pc=0x0000025491cf864c sp=0x0000009ced2f75a0
Event: 290.483 Thread 0x00000254a8a5e800 DEOPT UNPACKING pc=0x00000254895985af sp=0x0000009ced2f7560 mode 2
Event: 290.483 Thread 0x00000254a8a5e800 Uncommon trap: trap_request=0xffffffd6 fr.pc=0x0000025491cf864c relative=0x0000000000000e6c
Event: 290.483 Thread 0x00000254a8a5e800 Uncommon trap: reason=array_check action=maybe_recompile pc=0x0000025491cf864c method=com.google.common.collect.RegularImmutableMap.fromEntryArray(I[Ljava/util/Map$Entry;)Lcom/google/common/collect/ImmutableMap; @ 157 c2
Event: 290.483 Thread 0x00000254a8a5e800 DEOPT PACKING pc=0x0000025491cf864c sp=0x0000009ced2f75a0
Event: 290.484 Thread 0x00000254a8a5e800 DEOPT UNPACKING pc=0x00000254895985af sp=0x0000009ced2f7560 mode 2
Event: 295.312 Thread 0x00000254a8a5e800 DEOPT PACKING pc=0x000002548a90dd5a sp=0x0000009ced2f8d60
Event: 295.389 Thread 0x00000254a8a5e800 DEOPT UNPACKING pc=0x00000254895d9d0e sp=0x0000009ced2f8280 mode 0

Classes redefined (0 events):
No events

Internal exceptions (20 events):
Event: 110.594 Thread 0x00000254a3d09800 Exception <a 'sun/nio/fs/WindowsException'{0x000000008b39d0f8}> (0x000000008b39d0f8) thrown at [src/hotspot/share/prims/jni.cpp, line 617]
Event: 110.594 Thread 0x00000254a3d09800 Exception <a 'sun/nio/fs/WindowsException'{0x000000008b39d180}> (0x000000008b39d180) thrown at [src/hotspot/share/prims/jni.cpp, line 617]
Event: 110.595 Thread 0x00000254a3d09800 Exception <a 'sun/nio/fs/WindowsException'{0x000000008b39ebd8}> (0x000000008b39ebd8) thrown at [src/hotspot/share/prims/jni.cpp, line 617]
Event: 214.285 Thread 0x00000254a8a5e800 Exception <a 'sun/nio/fs/WindowsException'{0x000000008b274db0}> (0x000000008b274db0) thrown at [src/hotspot/share/prims/jni.cpp, line 617]
Event: 215.704 Thread 0x00000254a8a5e800 Exception <a 'sun/nio/fs/WindowsException'{0x000000008a53c860}> (0x000000008a53c860) thrown at [src/hotspot/share/prims/jni.cpp, line 617]
Event: 215.888 Thread 0x00000254a8a5e800 Exception <a 'sun/nio/fs/WindowsException'{0x000000008a5e0368}> (0x000000008a5e0368) thrown at [src/hotspot/share/prims/jni.cpp, line 617]
Event: 215.900 Thread 0x00000254a8a5e800 Exception <a 'sun/nio/fs/WindowsException'{0x000000008a5e16f0}> (0x000000008a5e16f0) thrown at [src/hotspot/share/prims/jni.cpp, line 617]
Event: 215.901 Thread 0x00000254a8a5e800 Exception <a 'sun/nio/fs/WindowsException'{0x000000008a5e2d48}> (0x000000008a5e2d48) thrown at [src/hotspot/share/prims/jni.cpp, line 617]
Event: 215.901 Thread 0x00000254a8a5e800 Exception <a 'sun/nio/fs/WindowsException'{0x000000008a5e4120}> (0x000000008a5e4120) thrown at [src/hotspot/share/prims/jni.cpp, line 617]
Event: 239.620 Thread 0x00000254aa49e000 Exception <a 'sun/nio/fs/WindowsException'{0x000000008b0047d8}> (0x000000008b0047d8) thrown at [src/hotspot/share/prims/jni.cpp, line 617]
Event: 239.620 Thread 0x00000254aa49e000 Exception <a 'sun/nio/fs/WindowsException'{0x000000008b0048c8}> (0x000000008b0048c8) thrown at [src/hotspot/share/prims/jni.cpp, line 617]
Event: 242.292 Thread 0x00000254a8a5e800 Exception <a 'sun/nio/fs/WindowsException'{0x000000008b04fe18}> (0x000000008b04fe18) thrown at [src/hotspot/share/prims/jni.cpp, line 617]
Event: 242.292 Thread 0x00000254a8a5e800 Exception <a 'sun/nio/fs/WindowsException'{0x000000008b04fea0}> (0x000000008b04fea0) thrown at [src/hotspot/share/prims/jni.cpp, line 617]
Event: 242.292 Thread 0x00000254a8a5e800 Exception <a 'sun/nio/fs/WindowsException'{0x000000008b0518f8}> (0x000000008b0518f8) thrown at [src/hotspot/share/prims/jni.cpp, line 617]
Event: 292.776 Thread 0x00000254a8a5e800 Exception <a 'sun/nio/fs/WindowsException'{0x000000008b283470}> (0x000000008b283470) thrown at [src/hotspot/share/prims/jni.cpp, line 617]
Event: 295.093 Thread 0x00000254a8a5e800 Exception <a 'sun/nio/fs/WindowsException'{0x000000008a517ff0}> (0x000000008a517ff0) thrown at [src/hotspot/share/prims/jni.cpp, line 617]
Event: 295.503 Thread 0x00000254a8a5e800 Exception <a 'sun/nio/fs/WindowsException'{0x000000008a5b5250}> (0x000000008a5b5250) thrown at [src/hotspot/share/prims/jni.cpp, line 617]
Event: 295.630 Thread 0x00000254a8a5e800 Exception <a 'sun/nio/fs/WindowsException'{0x000000008a5b65d8}> (0x000000008a5b65d8) thrown at [src/hotspot/share/prims/jni.cpp, line 617]
Event: 295.630 Thread 0x00000254a8a5e800 Exception <a 'sun/nio/fs/WindowsException'{0x000000008a5b79b0}> (0x000000008a5b79b0) thrown at [src/hotspot/share/prims/jni.cpp, line 617]
Event: 295.630 Thread 0x00000254a8a5e800 Exception <a 'sun/nio/fs/WindowsException'{0x000000008a5b8d88}> (0x000000008a5b8d88) thrown at [src/hotspot/share/prims/jni.cpp, line 617]

Events (20 events):
Event: 289.402 Thread 0x00000254a42bc800 Thread added: 0x00000254a42bc800
Event: 289.403 Thread 0x00000254a42c6800 Thread added: 0x00000254a42c6800
Event: 289.403 Thread 0x00000254a42c7800 Thread added: 0x00000254a42c7800
Event: 289.403 Thread 0x00000254a42c9000 Thread added: 0x00000254a42c9000
Event: 289.403 Thread 0x00000254a42c8000 Thread added: 0x00000254a42c8000
Event: 289.403 Thread 0x00000254a42c3000 Thread added: 0x00000254a42c3000
Event: 289.403 Thread 0x00000254aded8800 Thread added: 0x00000254aded8800
Event: 289.603 Executing VM operation: G1CollectForAllocation
Event: 289.653 Executing VM operation: G1CollectForAllocation done
Event: 290.670 Thread 0x00000254aded9000 Thread added: 0x00000254aded9000
Event: 296.307 Thread 0x00000254a6667800 Thread added: 0x00000254a6667800
Event: 296.914 Thread 0x00000254aded4800 Thread added: 0x00000254aded4800
Event: 297.429 Thread 0x00000254aded6800 Thread added: 0x00000254aded6800
Event: 297.429 Thread 0x00000254aded7800 Thread added: 0x00000254aded7800
Event: 297.429 Thread 0x00000254aded3800 Thread added: 0x00000254aded3800
Event: 297.429 Thread 0x00000254adeda000 Thread added: 0x00000254adeda000
Event: 297.430 Thread 0x00000254aded5000 Thread added: 0x00000254aded5000
Event: 297.430 Thread 0x00000254a249a000 Thread added: 0x00000254a249a000
Event: 297.430 Thread 0x00000254a249f800 Thread added: 0x00000254a249f800
Event: 297.434 Thread 0x00000254a249d000 Thread added: 0x00000254a249d000


Dynamic libraries:
0x00007ff710130000 - 0x00007ff71013a000 	C:\Program Files\Android\Android Studio\jbr\bin\java.exe
0x00007ffe81830000 - 0x00007ffe81a28000 	C:\Windows\SYSTEM32\ntdll.dll
0x00007ffe808c0000 - 0x00007ffe8097f000 	C:\Windows\System32\KERNEL32.DLL
0x00007ffe7f490000 - 0x00007ffe7f762000 	C:\Windows\System32\KERNELBASE.dll
0x00007ffe7f280000 - 0x00007ffe7f380000 	C:\Windows\System32\ucrtbase.dll
0x00007ffe7b250000 - 0x00007ffe7b267000 	C:\Program Files\Android\Android Studio\jbr\bin\jli.dll
0x00007ffe74580000 - 0x00007ffe7459b000 	C:\Program Files\Android\Android Studio\jbr\bin\VCRUNTIME140.dll
0x00007ffe81560000 - 0x00007ffe81701000 	C:\Windows\System32\USER32.dll
0x00007ffe7f200000 - 0x00007ffe7f222000 	C:\Windows\System32\win32u.dll
0x00007ffe623c0000 - 0x00007ffe6265a000 	C:\Windows\WinSxS\amd64_microsoft.windows.common-controls_6595b64144ccf1df_6.0.19041.1110_none_60b5254171f9507e\COMCTL32.dll
0x00007ffe80980000 - 0x00007ffe809ab000 	C:\Windows\System32\GDI32.dll
0x00007ffe809b0000 - 0x00007ffe80a4e000 	C:\Windows\System32\msvcrt.dll
0x00007ffe7f380000 - 0x00007ffe7f48f000 	C:\Windows\System32\gdi32full.dll
0x00007ffe7f160000 - 0x00007ffe7f1fd000 	C:\Windows\System32\msvcp_win.dll
0x00007ffe7f9b0000 - 0x00007ffe7f9e2000 	C:\Windows\System32\IMM32.DLL
0x00007ffe74170000 - 0x00007ffe7417c000 	C:\Program Files\Android\Android Studio\jbr\bin\vcruntime140_1.dll
0x00007ffe61ef0000 - 0x00007ffe61f7d000 	C:\Program Files\Android\Android Studio\jbr\bin\msvcp140.dll
0x00007ffe45f10000 - 0x00007ffe46acc000 	C:\Program Files\Android\Android Studio\jbr\bin\server\jvm.dll
0x00007ffe805d0000 - 0x00007ffe8067e000 	C:\Windows\System32\ADVAPI32.dll
0x00007ffe80820000 - 0x00007ffe808bc000 	C:\Windows\System32\sechost.dll
0x00007ffe7f9f0000 - 0x00007ffe7fb15000 	C:\Windows\System32\RPCRT4.dll
0x00007ffe80270000 - 0x00007ffe80278000 	C:\Windows\System32\PSAPI.DLL
0x00007ffe7bfc0000 - 0x00007ffe7bfe7000 	C:\Windows\SYSTEM32\WINMM.dll
0x00007ffe765e0000 - 0x00007ffe765e9000 	C:\Windows\SYSTEM32\WSOCK32.dll
0x00007ffe7b580000 - 0x00007ffe7b58a000 	C:\Windows\SYSTEM32\VERSION.dll
0x00007ffe806e0000 - 0x00007ffe8074b000 	C:\Windows\System32\WS2_32.dll
0x00007ffe7cda0000 - 0x00007ffe7cdb2000 	C:\Windows\SYSTEM32\kernel.appcore.dll
0x00007ffe765d0000 - 0x00007ffe765e0000 	C:\Program Files\Android\Android Studio\jbr\bin\verify.dll
0x00007ffe70550000 - 0x00007ffe70734000 	C:\Windows\SYSTEM32\DBGHELP.DLL
0x00007ffe70510000 - 0x00007ffe70545000 	C:\Windows\SYSTEM32\dbgcore.DLL
0x00007ffe7f770000 - 0x00007ffe7f7f2000 	C:\Windows\System32\bcryptPrimitives.dll
0x00007ffe765a0000 - 0x00007ffe765c8000 	C:\Program Files\Android\Android Studio\jbr\bin\java.dll
0x00007ffe76590000 - 0x00007ffe7659a000 	C:\Program Files\Android\Android Studio\jbr\bin\jimage.dll
0x00007ffe74560000 - 0x00007ffe74578000 	C:\Program Files\Android\Android Studio\jbr\bin\zip.dll
0x00007ffe7fb20000 - 0x00007ffe80265000 	C:\Windows\System32\SHELL32.dll
0x00007ffe7cfa0000 - 0x00007ffe7d732000 	C:\Windows\SYSTEM32\windows.storage.dll
0x00007ffe80b30000 - 0x00007ffe80e85000 	C:\Windows\System32\combase.dll
0x00007ffe7e7c0000 - 0x00007ffe7e7f0000 	C:\Windows\SYSTEM32\Wldp.dll
0x00007ffe80750000 - 0x00007ffe807fd000 	C:\Windows\System32\SHCORE.dll
0x00007ffe80a50000 - 0x00007ffe80aa5000 	C:\Windows\System32\shlwapi.dll
0x00007ffe7ee60000 - 0x00007ffe7ee7f000 	C:\Windows\SYSTEM32\profapi.dll
0x00007ffe74260000 - 0x00007ffe74279000 	C:\Program Files\Android\Android Studio\jbr\bin\net.dll
0x00007ffe7ac10000 - 0x00007ffe7ad1c000 	C:\Windows\SYSTEM32\WINHTTP.dll
0x00007ffe7e5a0000 - 0x00007ffe7e60a000 	C:\Windows\system32\mswsock.dll
0x00007ffe73ff0000 - 0x00007ffe74003000 	C:\Program Files\Android\Android Studio\jbr\bin\nio.dll
0x00007ffe73240000 - 0x00007ffe73267000 	C:\Users\Shen S\.gradle\native\e1d6ef7f7dcc3fd88c89a11ec53ec762bb8ba0a96d01ffa2cd45eb1d1d8dd5c5\windows-amd64\native-platform.dll
0x00007ffe5b990000 - 0x00007ffe5bad4000 	C:\Users\Shen S\.gradle\native\0d407fdbe67a94daf76414ababcb853783967236a71b16ec16e742cd7a986fd3\windows-amd64\native-platform-file-events.dll
0x00007ffe76260000 - 0x00007ffe7626a000 	C:\Program Files\Android\Android Studio\jbr\bin\management.dll
0x00007ffe74620000 - 0x00007ffe7462b000 	C:\Program Files\Android\Android Studio\jbr\bin\management_ext.dll
0x00007ffe7e800000 - 0x00007ffe7e818000 	C:\Windows\SYSTEM32\CRYPTSP.dll
0x00007ffe7dee0000 - 0x00007ffe7df14000 	C:\Windows\system32\rsaenh.dll
0x00007ffe7f130000 - 0x00007ffe7f157000 	C:\Windows\System32\bcrypt.dll
0x00007ffe7ee20000 - 0x00007ffe7ee4e000 	C:\Windows\SYSTEM32\USERENV.dll
0x00007ffe7e730000 - 0x00007ffe7e73c000 	C:\Windows\SYSTEM32\CRYPTBASE.dll
0x00007ffe7e2b0000 - 0x00007ffe7e2eb000 	C:\Windows\SYSTEM32\IPHLPAPI.DLL
0x00007ffe7f9a0000 - 0x00007ffe7f9a8000 	C:\Windows\System32\NSI.dll
0x00007ffe7b3e0000 - 0x00007ffe7b3f7000 	C:\Windows\SYSTEM32\dhcpcsvc6.DLL
0x00007ffe7b3c0000 - 0x00007ffe7b3dd000 	C:\Windows\SYSTEM32\dhcpcsvc.DLL
0x00007ffe7e2f0000 - 0x00007ffe7e3bb000 	C:\Windows\SYSTEM32\DNSAPI.dll
0x00007ffe72ae0000 - 0x00007ffe72af7000 	C:\Windows\system32\napinsp.dll
0x00007ffe731c0000 - 0x00007ffe731db000 	C:\Windows\system32\pnrpnsp.dll
0x00007ffe7b5a0000 - 0x00007ffe7b5b5000 	C:\Windows\system32\wshbth.dll
0x00007ffe7b100000 - 0x00007ffe7b11d000 	C:\Windows\system32\NLAapi.dll
0x00007ffe73470000 - 0x00007ffe73482000 	C:\Windows\System32\winrnr.dll
0x00007ffe77710000 - 0x00007ffe7771a000 	C:\Windows\System32\rasadhlp.dll
0x00007ffe799b0000 - 0x00007ffe79a30000 	C:\Windows\System32\fwpuclnt.dll
0x00007ffe7e020000 - 0x00007ffe7e053000 	C:\Windows\SYSTEM32\ntmarta.dll
0x00007ffe74530000 - 0x00007ffe74557000 	C:\Program Files\Android\Android Studio\jbr\bin\sunec.dll

dbghelp: loaded successfully - version: 4.0.5 - missing functions: none
symbol engine: initialized successfully - sym options: 0x614 - pdb path: .;C:\Program Files\Android\Android Studio\jbr\bin;C:\Windows\SYSTEM32;C:\Windows\WinSxS\amd64_microsoft.windows.common-controls_6595b64144ccf1df_6.0.19041.1110_none_60b5254171f9507e;C:\Program Files\Android\Android Studio\jbr\bin\server;C:\Users\Shen S\.gradle\native\e1d6ef7f7dcc3fd88c89a11ec53ec762bb8ba0a96d01ffa2cd45eb1d1d8dd5c5\windows-amd64;C:\Users\Shen S\.gradle\native\0d407fdbe67a94daf76414ababcb853783967236a71b16ec16e742cd7a986fd3\windows-amd64

VM Arguments:
jvm_args: --add-opens=java.base/java.util=ALL-UNNAMED --add-opens=java.base/java.lang=ALL-UNNAMED --add-opens=java.base/java.lang.invoke=ALL-UNNAMED --add-opens=java.base/java.util=ALL-UNNAMED --add-opens=java.prefs/java.util.prefs=ALL-UNNAMED --add-opens=java.prefs/java.util.prefs=ALL-UNNAMED --add-opens=java.base/java.nio.charset=ALL-UNNAMED --add-opens=java.base/java.net=ALL-UNNAMED --add-opens=java.base/java.util.concurrent.atomic=ALL-UNNAMED -Xmx2048m -Dfile.encoding=UTF-8 -Duser.country=US -Duser.language=en -Duser.variant 
java_command: org.gradle.launcher.daemon.bootstrap.GradleDaemon 7.5
java_class_path (initial): C:\Users\Shen S\.gradle\wrapper\dists\gradle-7.5-bin\f1w0cc9nuo0eivz97x2xlu9sv\gradle-7.5\lib\gradle-launcher-7.5.jar
Launcher Type: SUN_STANDARD

[Global flags]
     intx CICompilerCount                          = 4                                         {product} {ergonomic}
     uint ConcGCThreads                            = 2                                         {product} {ergonomic}
     uint G1ConcRefinementThreads                  = 8                                         {product} {ergonomic}
   size_t G1HeapRegionSize                         = 1048576                                   {product} {ergonomic}
    uintx GCDrainStackTargetSize                   = 64                                        {product} {ergonomic}
   size_t InitialHeapSize                          = 132120576                                 {product} {ergonomic}
   size_t MarkStackSize                            = 4194304                                   {product} {ergonomic}
   size_t MaxHeapSize                              = 2147483648                                {product} {command line}
   size_t MaxNewSize                               = 1287651328                                {product} {ergonomic}
   size_t MinHeapDeltaBytes                        = 1048576                                   {product} {ergonomic}
    uintx NonNMethodCodeHeapSize                   = 5836300                                {pd product} {ergonomic}
    uintx NonProfiledCodeHeapSize                  = 122910970                              {pd product} {ergonomic}
    uintx ProfiledCodeHeapSize                     = 122910970                              {pd product} {ergonomic}
    uintx ReservedCodeCacheSize                    = 251658240                              {pd product} {ergonomic}
     bool SegmentedCodeCache                       = true                                      {product} {ergonomic}
     bool UseCompressedClassPointers               = true                                 {lp64_product} {ergonomic}
     bool UseCompressedOops                        = true                                 {lp64_product} {ergonomic}
     bool UseG1GC                                  = true                                      {product} {ergonomic}
     bool UseLargePagesIndividualAllocation        = false                                  {pd product} {ergonomic}

Logging:
Log output configuration:
 #0: stdout all=warning uptime,level,tags
 #1: stderr all=off uptime,level,tags

Environment Variables:
PATH=C:\Program Files\Common Files\Oracle\Java\javapath;C:\Windows\system32;C:\Windows;C:\Windows\System32\Wbem;C:\Windows\System32\WindowsPowerShell\v1.0\;C:\Windows\System32\OpenSSH\;C:\Program Files\dotnet\;C:\Program Files\Microsoft SQL Server\130\Tools\Binn\;C:\Program Files\Microsoft SQL Server\Client SDK\ODBC\170\Tools\Binn\;C:\Program Files\Java\jdk-11.0.17\bin;C:\Program Files (x86)\Microsoft SQL Server\130\Tools\Binn\;C:\Program Files (x86)\Microsoft SQL Server\130\DTS\Binn\;C:\Program Files\Microsoft SQL Server\130\DTS\Binn\;C:\Program Files\Microsoft SQL Server\Client SDK\ODBC\130\Tools\Binn\;C:\kotlinc\bin;C:\Program Files (x86)\Microsoft SQL Server\Client SDK\ODBC\130\Tools\Binn\;C:\Program Files (x86)\Microsoft SQL Server\130\Tools\Binn\ManagementStudio\;C:\Program Files\Git\cmd;C:\Users\Shen S\AppData\Roaming\nvm;C:\Program Files\nodejs;C:\Users\Shen S\AppData\Local\Microsoft\WindowsApps;C:\Users\Shen S\.dotnet\tools;C:\Users\Shen S\AppData\Local\Programs\Microsoft VS Code\bin;C:\Users\Shen S\AppData\Local\GitHubDesktop\bin;C:\Users\Shen S\AppData\Roaming\npm;C:\Users\Shen S\AppData\Roaming\nvm;C:\Program Files\nodejs
USERNAME=Shen S
OS=Windows_NT
PROCESSOR_IDENTIFIER=Intel64 Family 6 Model 126 Stepping 5, GenuineIntel



---------------  S Y S T E M  ---------------

OS: Windows 10 , 64 bit Build 19041 (10.0.19041.2546)
OS uptime: 9 days 10:51 hours
Hyper-V role detected

CPU:total 8 (initial active 8) (4 cores per cpu, 2 threads per core) family 6 model 126 stepping 5 microcode 0xa0, cmov, cx8, fxsr, mmx, sse, sse2, sse3, ssse3, sse4.1, sse4.2, popcnt, avx, avx2, aes, clmul, erms, 3dnowpref, lzcnt, ht, tsc, tscinvbit, bmi1, bmi2, adx, evex, sha, fma

Memory: 4k page, system-wide physical 7969M (594M free)
TotalPageFile size 12067M (AvailPageFile size 4M)
current process WorkingSet (physical memory assigned to process): 233M, peak: 510M
current process commit charge ("private bytes"): 553M, peak: 563M

vm_info: OpenJDK 64-Bit Server VM (11.0.15+0-b2043.56-9505619) for windows-amd64 JRE (11.0.15+0-b2043.56-9505619), built on Jan 19 2023 02:48:00 by "builduser" with unknown MS VC++:1929

END.
